24-10-18 03:16:30.698 [cluster-ClusterId{value='671181783bfd48440fc55f98', description='Cluster0'}-cluster0-shard-00-01.re3e6.mongodb.net:27017] INFO  org.mongodb.driver.cluster - Exception in monitor thread while connecting to server cluster0-shard-00-01.re3e6.mongodb.net:27017
com.mongodb.MongoSocketReadTimeoutException: Timeout while receiving message
	at com.mongodb.internal.connection.InternalStreamConnection.translateReadException(InternalStreamConnection.java:705)
	at com.mongodb.internal.connection.InternalStreamConnection.receiveMessageWithAdditionalTimeout(InternalStreamConnection.java:583)
	at com.mongodb.internal.connection.InternalStreamConnection.receiveCommandMessageResponse(InternalStreamConnection.java:428)
	at com.mongodb.internal.connection.InternalStreamConnection.receive(InternalStreamConnection.java:381)
	at com.mongodb.internal.connection.DefaultServerMonitor$ServerMonitorRunnable.lookupServerDescription(DefaultServerMonitor.java:221)
	at com.mongodb.internal.connection.DefaultServerMonitor$ServerMonitorRunnable.run(DefaultServerMonitor.java:153)
	at java.base/java.lang.Thread.run(Thread.java:833)
Caused by: java.net.SocketTimeoutException: Read timed out
	at java.base/sun.nio.ch.NioSocketImpl.timedRead(NioSocketImpl.java:283)
	at java.base/sun.nio.ch.NioSocketImpl.implRead(NioSocketImpl.java:309)
	at java.base/sun.nio.ch.NioSocketImpl.read(NioSocketImpl.java:350)
	at java.base/sun.nio.ch.NioSocketImpl$1.read(NioSocketImpl.java:803)
	at java.base/java.net.Socket$SocketInputStream.read(Socket.java:966)
	at java.base/sun.security.ssl.SSLSocketInputRecord.read(SSLSocketInputRecord.java:478)
	at java.base/sun.security.ssl.SSLSocketInputRecord.readHeader(SSLSocketInputRecord.java:472)
	at java.base/sun.security.ssl.SSLSocketInputRecord.bytesInCompletePacket(SSLSocketInputRecord.java:70)
	at java.base/sun.security.ssl.SSLSocketImpl.readApplicationRecord(SSLSocketImpl.java:1455)
	at java.base/sun.security.ssl.SSLSocketImpl$AppInputStream.read(SSLSocketImpl.java:1059)
	at com.mongodb.internal.connection.SocketStream.read(SocketStream.java:176)
	at com.mongodb.internal.connection.SocketStream.read(SocketStream.java:196)
	at com.mongodb.internal.connection.InternalStreamConnection.receiveResponseBuffers(InternalStreamConnection.java:716)
	at com.mongodb.internal.connection.InternalStreamConnection.receiveMessageWithAdditionalTimeout(InternalStreamConnection.java:580)
	... 5 common frames omitted
24-10-18 03:16:31.214 [cluster-ClusterId{value='671181783bfd48440fc55f98', description='Cluster0'}-cluster0-shard-00-01.re3e6.mongodb.net:27017] INFO  org.mongodb.driver.cluster - Monitor thread successfully connected to server with description ServerDescription{address=cluster0-shard-00-01.re3e6.mongodb.net:27017, type=REPLICA_SET_SECONDARY, state=CONNECTED, ok=true, minWireVersion=0, maxWireVersion=21, maxDocumentSize=16777216, logicalSessionTimeoutMinutes=30, roundTripTimeNanos=175422583, setName='atlas-b2d2sm-shard-0', canonicalAddress=cluster0-shard-00-01.re3e6.mongodb.net:27017, hosts=[cluster0-shard-00-00.re3e6.mongodb.net:27017, cluster0-shard-00-01.re3e6.mongodb.net:27017, cluster0-shard-00-02.re3e6.mongodb.net:27017], passives=[], arbiters=[], primary='cluster0-shard-00-02.re3e6.mongodb.net:27017', tagSet=TagSet{[Tag{name='availabilityZone', value='aps1-az3'}, Tag{name='diskState', value='READY'}, Tag{name='nodeType', value='ELECTABLE'}, Tag{name='provider', value='AWS'}, Tag{name='region', value='AP_SOUTH_1'}, Tag{name='workloadType', value='OPERATIONAL'}]}, electionId=null, setVersion=132, topologyVersion=TopologyVersion{processId=670ac55dbd1e6283da1db650, counter=5}, lastWriteDate=Fri Oct 18 03:16:31 IST 2024, lastUpdateTimeNanos=89717854392791}
24-10-18 03:16:31.483 [cluster-ClusterId{value='671181783bfd48440fc55f98', description='Cluster0'}-cluster0-shard-00-00.re3e6.mongodb.net:27017] INFO  org.mongodb.driver.cluster - Exception in monitor thread while connecting to server cluster0-shard-00-00.re3e6.mongodb.net:27017
com.mongodb.MongoSocketReadTimeoutException: Timeout while receiving message
	at com.mongodb.internal.connection.InternalStreamConnection.translateReadException(InternalStreamConnection.java:705)
	at com.mongodb.internal.connection.InternalStreamConnection.receiveMessageWithAdditionalTimeout(InternalStreamConnection.java:583)
	at com.mongodb.internal.connection.InternalStreamConnection.receiveCommandMessageResponse(InternalStreamConnection.java:428)
	at com.mongodb.internal.connection.InternalStreamConnection.receive(InternalStreamConnection.java:381)
	at com.mongodb.internal.connection.DefaultServerMonitor$ServerMonitorRunnable.lookupServerDescription(DefaultServerMonitor.java:221)
	at com.mongodb.internal.connection.DefaultServerMonitor$ServerMonitorRunnable.run(DefaultServerMonitor.java:153)
	at java.base/java.lang.Thread.run(Thread.java:833)
Caused by: java.net.SocketTimeoutException: Read timed out
	at java.base/sun.nio.ch.NioSocketImpl.timedRead(NioSocketImpl.java:283)
	at java.base/sun.nio.ch.NioSocketImpl.implRead(NioSocketImpl.java:309)
	at java.base/sun.nio.ch.NioSocketImpl.read(NioSocketImpl.java:350)
	at java.base/sun.nio.ch.NioSocketImpl$1.read(NioSocketImpl.java:803)
	at java.base/java.net.Socket$SocketInputStream.read(Socket.java:966)
	at java.base/sun.security.ssl.SSLSocketInputRecord.read(SSLSocketInputRecord.java:478)
	at java.base/sun.security.ssl.SSLSocketInputRecord.readHeader(SSLSocketInputRecord.java:472)
	at java.base/sun.security.ssl.SSLSocketInputRecord.bytesInCompletePacket(SSLSocketInputRecord.java:70)
	at java.base/sun.security.ssl.SSLSocketImpl.readApplicationRecord(SSLSocketImpl.java:1455)
	at java.base/sun.security.ssl.SSLSocketImpl$AppInputStream.read(SSLSocketImpl.java:1059)
	at com.mongodb.internal.connection.SocketStream.read(SocketStream.java:176)
	at com.mongodb.internal.connection.SocketStream.read(SocketStream.java:196)
	at com.mongodb.internal.connection.InternalStreamConnection.receiveResponseBuffers(InternalStreamConnection.java:716)
	at com.mongodb.internal.connection.InternalStreamConnection.receiveMessageWithAdditionalTimeout(InternalStreamConnection.java:580)
	... 5 common frames omitted
24-10-18 03:16:31.587 [cluster-ClusterId{value='671181783bfd48440fc55f98', description='Cluster0'}-cluster0-shard-00-02.re3e6.mongodb.net:27017] INFO  org.mongodb.driver.cluster - Exception in monitor thread while connecting to server cluster0-shard-00-02.re3e6.mongodb.net:27017
com.mongodb.MongoSocketReadTimeoutException: Timeout while receiving message
	at com.mongodb.internal.connection.InternalStreamConnection.translateReadException(InternalStreamConnection.java:705)
	at com.mongodb.internal.connection.InternalStreamConnection.receiveMessageWithAdditionalTimeout(InternalStreamConnection.java:583)
	at com.mongodb.internal.connection.InternalStreamConnection.receiveCommandMessageResponse(InternalStreamConnection.java:428)
	at com.mongodb.internal.connection.InternalStreamConnection.receive(InternalStreamConnection.java:381)
	at com.mongodb.internal.connection.DefaultServerMonitor$ServerMonitorRunnable.lookupServerDescription(DefaultServerMonitor.java:221)
	at com.mongodb.internal.connection.DefaultServerMonitor$ServerMonitorRunnable.run(DefaultServerMonitor.java:153)
	at java.base/java.lang.Thread.run(Thread.java:833)
Caused by: java.net.SocketTimeoutException: Read timed out
	at java.base/sun.nio.ch.NioSocketImpl.timedRead(NioSocketImpl.java:283)
	at java.base/sun.nio.ch.NioSocketImpl.implRead(NioSocketImpl.java:309)
	at java.base/sun.nio.ch.NioSocketImpl.read(NioSocketImpl.java:350)
	at java.base/sun.nio.ch.NioSocketImpl$1.read(NioSocketImpl.java:803)
	at java.base/java.net.Socket$SocketInputStream.read(Socket.java:966)
	at java.base/sun.security.ssl.SSLSocketInputRecord.read(SSLSocketInputRecord.java:478)
	at java.base/sun.security.ssl.SSLSocketInputRecord.readHeader(SSLSocketInputRecord.java:472)
	at java.base/sun.security.ssl.SSLSocketInputRecord.bytesInCompletePacket(SSLSocketInputRecord.java:70)
	at java.base/sun.security.ssl.SSLSocketImpl.readApplicationRecord(SSLSocketImpl.java:1455)
	at java.base/sun.security.ssl.SSLSocketImpl$AppInputStream.read(SSLSocketImpl.java:1059)
	at com.mongodb.internal.connection.SocketStream.read(SocketStream.java:176)
	at com.mongodb.internal.connection.SocketStream.read(SocketStream.java:196)
	at com.mongodb.internal.connection.InternalStreamConnection.receiveResponseBuffers(InternalStreamConnection.java:716)
	at com.mongodb.internal.connection.InternalStreamConnection.receiveMessageWithAdditionalTimeout(InternalStreamConnection.java:580)
	... 5 common frames omitted
24-10-18 03:16:31.908 [cluster-ClusterId{value='671181783bfd48440fc55f98', description='Cluster0'}-cluster0-shard-00-00.re3e6.mongodb.net:27017] INFO  org.mongodb.driver.cluster - Monitor thread successfully connected to server with description ServerDescription{address=cluster0-shard-00-00.re3e6.mongodb.net:27017, type=REPLICA_SET_SECONDARY, state=CONNECTED, ok=true, minWireVersion=0, maxWireVersion=21, maxDocumentSize=16777216, logicalSessionTimeoutMinutes=30, roundTripTimeNanos=162337208, setName='atlas-b2d2sm-shard-0', canonicalAddress=cluster0-shard-00-00.re3e6.mongodb.net:27017, hosts=[cluster0-shard-00-00.re3e6.mongodb.net:27017, cluster0-shard-00-01.re3e6.mongodb.net:27017, cluster0-shard-00-02.re3e6.mongodb.net:27017], passives=[], arbiters=[], primary='cluster0-shard-00-02.re3e6.mongodb.net:27017', tagSet=TagSet{[Tag{name='availabilityZone', value='aps1-az1'}, Tag{name='diskState', value='READY'}, Tag{name='nodeType', value='ELECTABLE'}, Tag{name='provider', value='AWS'}, Tag{name='region', value='AP_SOUTH_1'}, Tag{name='workloadType', value='OPERATIONAL'}]}, electionId=null, setVersion=132, topologyVersion=TopologyVersion{processId=670ac41257076316d192d9dc, counter=5}, lastWriteDate=Fri Oct 18 03:16:31 IST 2024, lastUpdateTimeNanos=89718549853708}
24-10-18 03:16:32.041 [cluster-ClusterId{value='671181783bfd48440fc55f98', description='Cluster0'}-cluster0-shard-00-02.re3e6.mongodb.net:27017] INFO  org.mongodb.driver.cluster - Monitor thread successfully connected to server with description ServerDescription{address=cluster0-shard-00-02.re3e6.mongodb.net:27017, type=REPLICA_SET_PRIMARY, state=CONNECTED, ok=true, minWireVersion=0, maxWireVersion=21, maxDocumentSize=16777216, logicalSessionTimeoutMinutes=30, roundTripTimeNanos=144080875, setName='atlas-b2d2sm-shard-0', canonicalAddress=cluster0-shard-00-02.re3e6.mongodb.net:27017, hosts=[cluster0-shard-00-00.re3e6.mongodb.net:27017, cluster0-shard-00-01.re3e6.mongodb.net:27017, cluster0-shard-00-02.re3e6.mongodb.net:27017], passives=[], arbiters=[], primary='cluster0-shard-00-02.re3e6.mongodb.net:27017', tagSet=TagSet{[Tag{name='availabilityZone', value='aps1-az2'}, Tag{name='diskState', value='READY'}, Tag{name='nodeType', value='ELECTABLE'}, Tag{name='provider', value='AWS'}, Tag{name='region', value='AP_SOUTH_1'}, Tag{name='workloadType', value='OPERATIONAL'}]}, electionId=7fffffff0000000000000256, setVersion=132, topologyVersion=TopologyVersion{processId=670ac33d83b3041ad0544d64, counter=9}, lastWriteDate=Fri Oct 18 03:16:31 IST 2024, lastUpdateTimeNanos=89718683431083}
24-10-18 03:16:32.043 [cluster-ClusterId{value='671181783bfd48440fc55f98', description='Cluster0'}-cluster0-shard-00-02.re3e6.mongodb.net:27017] INFO  org.mongodb.driver.cluster - Discovered replica set primary cluster0-shard-00-02.re3e6.mongodb.net:27017 with max election id 7fffffff0000000000000256 and max set version 132
