25-01-13 17:30:53.042 [restartedMain] INFO  c.d.journalApp.JournalApplication - Starting JournalApplication using Java 17.0.2 with PID 11292 (/Users/devsa/Documents/Sprint Boot/Projects/journalApp/target/classes started by devsa in /Users/devsa/Documents/Sprint Boot/Projects/journalApp)
25-01-13 17:30:53.045 [restartedMain] INFO  c.d.journalApp.JournalApplication - The following 1 profile is active: "dev"
25-01-13 17:30:53.094 [restartedMain] INFO  o.s.b.d.e.DevToolsPropertyDefaultsPostProcessor - Devtools property defaults active! Set 'spring.devtools.add-properties' to 'false' to disable
25-01-13 17:30:53.095 [restartedMain] INFO  o.s.b.d.e.DevToolsPropertyDefaultsPostProcessor - For additional web related logging consider setting the 'logging.level.web' property to 'DEBUG'
25-01-13 17:30:53.390 [restartedMain] INFO  o.s.d.r.c.RepositoryConfigurationDelegate - Bootstrapping Spring Data MongoDB repositories in DEFAULT mode.
25-01-13 17:30:53.417 [restartedMain] INFO  o.s.d.r.c.RepositoryConfigurationDelegate - Finished Spring Data repository scanning in 25 ms. Found 3 MongoDB repository interfaces.
25-01-13 17:30:53.665 [restartedMain] INFO  o.s.b.w.e.tomcat.TomcatWebServer - Tomcat initialized with port 8080 (http)
25-01-13 17:30:53.670 [restartedMain] INFO  o.a.coyote.http11.Http11NioProtocol - Initializing ProtocolHandler ["http-nio-8080"]
25-01-13 17:30:53.671 [restartedMain] INFO  o.a.catalina.core.StandardService - Starting service [Tomcat]
25-01-13 17:30:53.671 [restartedMain] INFO  o.a.catalina.core.StandardEngine - Starting Servlet engine: [Apache Tomcat/10.1.30]
25-01-13 17:30:53.691 [restartedMain] INFO  o.a.c.c.C.[Tomcat].[localhost].[/] - Initializing Spring embedded WebApplicationContext
25-01-13 17:30:53.691 [restartedMain] INFO  o.s.b.w.s.c.ServletWebServerApplicationContext - Root WebApplicationContext: initialization completed in 596 ms
25-01-13 17:30:53.865 [restartedMain] INFO  org.mongodb.driver.client - MongoClient with metadata {"application": {"name": "Cluster0"}, "driver": {"name": "mongo-java-driver|sync|spring-boot", "version": "5.0.1"}, "os": {"type": "Darwin", "name": "Mac OS X", "architecture": "aarch64", "version": "15.2"}, "platform": "Java/Oracle Corporation/17.0.2+8-LTS-86"} created with settings MongoClientSettings{readPreference=primary, writeConcern=WriteConcern{w=majority, wTimeout=null ms, journal=null}, retryWrites=true, retryReads=true, readConcern=ReadConcern{level=null}, credential=MongoCredential{mechanism=null, userName='devpanwar', source='admin', password=<hidden>, mechanismProperties=<hidden>}, transportSettings=null, commandListeners=[], codecRegistry=ProvidersCodecRegistry{codecProviders=[ValueCodecProvider{}, BsonValueCodecProvider{}, DBRefCodecProvider{}, DBObjectCodecProvider{}, DocumentCodecProvider{}, CollectionCodecProvider{}, IterableCodecProvider{}, MapCodecProvider{}, GeoJsonCodecProvider{}, GridFSFileCodecProvider{}, Jsr310CodecProvider{}, JsonObjectCodecProvider{}, BsonCodecProvider{}, EnumCodecProvider{}, com.mongodb.client.model.mql.ExpressionCodecProvider@222cb634, com.mongodb.Jep395RecordCodecProvider@6e638735, com.mongodb.KotlinCodecProvider@2e1d6784]}, loggerSettings=LoggerSettings{maxDocumentLength=1000}, clusterSettings={hosts=[127.0.0.1:27017], srvHost=cluster0.re3e6.mongodb.net, srvServiceName=mongodb, mode=MULTIPLE, requiredClusterType=REPLICA_SET, requiredReplicaSetName='atlas-b2d2sm-shard-0', serverSelector='null', clusterListeners='[]', serverSelectionTimeout='30000 ms', localThreshold='15 ms'}, socketSettings=SocketSettings{connectTimeoutMS=10000, readTimeoutMS=0, receiveBufferSize=0, proxySettings=ProxySettings{host=null, port=null, username=null, password=null}}, heartbeatSocketSettings=SocketSettings{connectTimeoutMS=10000, readTimeoutMS=10000, receiveBufferSize=0, proxySettings=ProxySettings{host=null, port=null, username=null, password=null}}, connectionPoolSettings=ConnectionPoolSettings{maxSize=100, minSize=0, maxWaitTimeMS=120000, maxConnectionLifeTimeMS=0, maxConnectionIdleTimeMS=0, maintenanceInitialDelayMS=0, maintenanceFrequencyMS=60000, connectionPoolListeners=[], maxConnecting=2}, serverSettings=ServerSettings{heartbeatFrequencyMS=10000, minHeartbeatFrequencyMS=500, serverListeners='[]', serverMonitorListeners='[]'}, sslSettings=SslSettings{enabled=true, invalidHostNameAllowed=false, context=null}, applicationName='Cluster0', compressorList=[], uuidRepresentation=JAVA_LEGACY, serverApi=null, autoEncryptionSettings=null, dnsClient=null, inetAddressResolver=null, contextProvider=null}
25-01-13 17:30:53.923 [cluster-ClusterId{value='678500750acbe36415d77bde', description='Cluster0'}-srv-cluster0.re3e6.mongodb.net] INFO  org.mongodb.driver.cluster - Adding discovered server cluster0-shard-00-01.re3e6.mongodb.net:27017 to client view of cluster
25-01-13 17:30:53.937 [cluster-ClusterId{value='678500750acbe36415d77bde', description='Cluster0'}-srv-cluster0.re3e6.mongodb.net] INFO  org.mongodb.driver.cluster - Adding discovered server cluster0-shard-00-00.re3e6.mongodb.net:27017 to client view of cluster
25-01-13 17:30:53.938 [cluster-ClusterId{value='678500750acbe36415d77bde', description='Cluster0'}-srv-cluster0.re3e6.mongodb.net] INFO  org.mongodb.driver.cluster - Adding discovered server cluster0-shard-00-02.re3e6.mongodb.net:27017 to client view of cluster
25-01-13 17:30:53.943 [restartedMain] INFO  o.s.b.d.a.OptionalLiveReloadServer - LiveReload server is running on port 35729
25-01-13 17:30:54.006 [restartedMain] INFO  org.mongodb.driver.cluster - Waiting for server to become available for operation with ID 1. Remaining time: 30000 ms. Selector: WritableServerSelector, topology description: {type=REPLICA_SET, servers=[{address=cluster0-shard-00-01.re3e6.mongodb.net:27017, type=UNKNOWN, state=CONNECTING}, {address=cluster0-shard-00-00.re3e6.mongodb.net:27017, type=UNKNOWN, state=CONNECTING}, {address=cluster0-shard-00-02.re3e6.mongodb.net:27017, type=UNKNOWN, state=CONNECTING}].
25-01-13 17:30:54.652 [cluster-ClusterId{value='678500750acbe36415d77bde', description='Cluster0'}-cluster0-shard-00-01.re3e6.mongodb.net:27017] INFO  org.mongodb.driver.cluster - Monitor thread successfully connected to server with description ServerDescription{address=cluster0-shard-00-01.re3e6.mongodb.net:27017, type=REPLICA_SET_PRIMARY, state=CONNECTED, ok=true, minWireVersion=0, maxWireVersion=25, maxDocumentSize=16777216, logicalSessionTimeoutMinutes=30, roundTripTimeNanos=468850167, setName='atlas-b2d2sm-shard-0', canonicalAddress=cluster0-shard-00-01.re3e6.mongodb.net:27017, hosts=[cluster0-shard-00-00.re3e6.mongodb.net:27017, cluster0-shard-00-01.re3e6.mongodb.net:27017, cluster0-shard-00-02.re3e6.mongodb.net:27017], passives=[], arbiters=[], primary='cluster0-shard-00-01.re3e6.mongodb.net:27017', tagSet=TagSet{[Tag{name='availabilityZone', value='aps1-az3'}, Tag{name='diskState', value='READY'}, Tag{name='nodeType', value='ELECTABLE'}, Tag{name='provider', value='AWS'}, Tag{name='region', value='AP_SOUTH_1'}, Tag{name='workloadType', value='OPERATIONAL'}]}, electionId=7fffffff00000000000000bb, setVersion=203, topologyVersion=TopologyVersion{processId=6784c658f8ba36a716b01be1, counter=9}, lastWriteDate=Mon Jan 13 17:30:54 IST 2025, lastUpdateTimeNanos=39345237927791}
25-01-13 17:30:54.652 [cluster-ClusterId{value='678500750acbe36415d77bde', description='Cluster0'}-cluster0-shard-00-00.re3e6.mongodb.net:27017] INFO  org.mongodb.driver.cluster - Monitor thread successfully connected to server with description ServerDescription{address=cluster0-shard-00-00.re3e6.mongodb.net:27017, type=REPLICA_SET_SECONDARY, state=CONNECTED, ok=true, minWireVersion=0, maxWireVersion=25, maxDocumentSize=16777216, logicalSessionTimeoutMinutes=30, roundTripTimeNanos=468839500, setName='atlas-b2d2sm-shard-0', canonicalAddress=cluster0-shard-00-00.re3e6.mongodb.net:27017, hosts=[cluster0-shard-00-00.re3e6.mongodb.net:27017, cluster0-shard-00-01.re3e6.mongodb.net:27017, cluster0-shard-00-02.re3e6.mongodb.net:27017], passives=[], arbiters=[], primary='cluster0-shard-00-01.re3e6.mongodb.net:27017', tagSet=TagSet{[Tag{name='availabilityZone', value='aps1-az1'}, Tag{name='diskState', value='READY'}, Tag{name='nodeType', value='ELECTABLE'}, Tag{name='provider', value='AWS'}, Tag{name='region', value='AP_SOUTH_1'}, Tag{name='workloadType', value='OPERATIONAL'}]}, electionId=null, setVersion=203, topologyVersion=TopologyVersion{processId=6784c7805d0cef4bcf022bb0, counter=5}, lastWriteDate=Mon Jan 13 17:30:54 IST 2025, lastUpdateTimeNanos=39345237945541}
25-01-13 17:30:54.652 [cluster-ClusterId{value='678500750acbe36415d77bde', description='Cluster0'}-cluster0-shard-00-02.re3e6.mongodb.net:27017] INFO  org.mongodb.driver.cluster - Monitor thread successfully connected to server with description ServerDescription{address=cluster0-shard-00-02.re3e6.mongodb.net:27017, type=REPLICA_SET_SECONDARY, state=CONNECTED, ok=true, minWireVersion=0, maxWireVersion=25, maxDocumentSize=16777216, logicalSessionTimeoutMinutes=30, roundTripTimeNanos=468870916, setName='atlas-b2d2sm-shard-0', canonicalAddress=cluster0-shard-00-02.re3e6.mongodb.net:27017, hosts=[cluster0-shard-00-00.re3e6.mongodb.net:27017, cluster0-shard-00-01.re3e6.mongodb.net:27017, cluster0-shard-00-02.re3e6.mongodb.net:27017], passives=[], arbiters=[], primary='cluster0-shard-00-01.re3e6.mongodb.net:27017', tagSet=TagSet{[Tag{name='availabilityZone', value='aps1-az2'}, Tag{name='diskState', value='READY'}, Tag{name='nodeType', value='ELECTABLE'}, Tag{name='provider', value='AWS'}, Tag{name='region', value='AP_SOUTH_1'}, Tag{name='workloadType', value='OPERATIONAL'}]}, electionId=null, setVersion=203, topologyVersion=TopologyVersion{processId=6784c8d2fa9dd91473d3d8e4, counter=5}, lastWriteDate=Mon Jan 13 17:30:54 IST 2025, lastUpdateTimeNanos=39345237945541}
25-01-13 17:30:54.654 [cluster-ClusterId{value='678500750acbe36415d77bde', description='Cluster0'}-cluster0-shard-00-01.re3e6.mongodb.net:27017] INFO  org.mongodb.driver.cluster - Discovered replica set primary cluster0-shard-00-01.re3e6.mongodb.net:27017 with max election id 7fffffff00000000000000bb and max set version 203
25-01-13 17:30:55.514 [restartedMain] WARN  o.s.b.w.s.c.AnnotationConfigServletWebServerApplicationContext - Exception encountered during context initialization - cancelling refresh attempt: org.springframework.beans.factory.BeanCreationException: Error creating bean with name 'userScheduler' defined in file [/Users/devsa/Documents/Sprint Boot/Projects/journalApp/target/classes/com/devpanwar/journalApp/scheduler/UserScheduler.class]: Encountered invalid @Scheduled method 'fetchUsersAndSendMail': Cron expression must consist of 6 fields (found 7 in "0/1 0 0 ? * * *")
25-01-13 17:30:55.820 [restartedMain] INFO  o.a.catalina.core.StandardService - Stopping service [Tomcat]
25-01-13 17:30:55.838 [restartedMain] INFO  o.s.b.a.l.ConditionEvaluationReportLogger - 

Error starting ApplicationContext. To display the condition evaluation report re-run your application with 'debug' enabled.
25-01-13 17:30:55.852 [restartedMain] ERROR o.s.boot.SpringApplication - Application run failed
org.springframework.beans.factory.BeanCreationException: Error creating bean with name 'userScheduler' defined in file [/Users/devsa/Documents/Sprint Boot/Projects/journalApp/target/classes/com/devpanwar/journalApp/scheduler/UserScheduler.class]: Encountered invalid @Scheduled method 'fetchUsersAndSendMail': Cron expression must consist of 6 fields (found 7 in "0/1 0 0 ? * * *")
	at org.springframework.beans.factory.support.AbstractAutowireCapableBeanFactory.doCreateBean(AbstractAutowireCapableBeanFactory.java:607)
	at org.springframework.beans.factory.support.AbstractAutowireCapableBeanFactory.createBean(AbstractAutowireCapableBeanFactory.java:522)
	at org.springframework.beans.factory.support.AbstractBeanFactory.lambda$doGetBean$0(AbstractBeanFactory.java:337)
	at org.springframework.beans.factory.support.DefaultSingletonBeanRegistry.getSingleton(DefaultSingletonBeanRegistry.java:234)
	at org.springframework.beans.factory.support.AbstractBeanFactory.doGetBean(AbstractBeanFactory.java:335)
	at org.springframework.beans.factory.support.AbstractBeanFactory.getBean(AbstractBeanFactory.java:200)
	at org.springframework.beans.factory.support.DefaultListableBeanFactory.preInstantiateSingletons(DefaultListableBeanFactory.java:975)
	at org.springframework.context.support.AbstractApplicationContext.finishBeanFactoryInitialization(AbstractApplicationContext.java:971)
	at org.springframework.context.support.AbstractApplicationContext.refresh(AbstractApplicationContext.java:625)
	at org.springframework.boot.web.servlet.context.ServletWebServerApplicationContext.refresh(ServletWebServerApplicationContext.java:146)
	at org.springframework.boot.SpringApplication.refresh(SpringApplication.java:754)
	at org.springframework.boot.SpringApplication.refreshContext(SpringApplication.java:456)
	at org.springframework.boot.SpringApplication.run(SpringApplication.java:335)
	at org.springframework.boot.SpringApplication.run(SpringApplication.java:1363)
	at org.springframework.boot.SpringApplication.run(SpringApplication.java:1352)
	at com.devpanwar.journalApp.JournalApplication.main(JournalApplication.java:19)
	at java.base/jdk.internal.reflect.NativeMethodAccessorImpl.invoke0(Native Method)
	at java.base/jdk.internal.reflect.NativeMethodAccessorImpl.invoke(NativeMethodAccessorImpl.java:77)
	at java.base/jdk.internal.reflect.DelegatingMethodAccessorImpl.invoke(DelegatingMethodAccessorImpl.java:43)
	at java.base/java.lang.reflect.Method.invoke(Method.java:568)
	at org.springframework.boot.devtools.restart.RestartLauncher.run(RestartLauncher.java:50)
Caused by: java.lang.IllegalStateException: Encountered invalid @Scheduled method 'fetchUsersAndSendMail': Cron expression must consist of 6 fields (found 7 in "0/1 0 0 ? * * *")
	at org.springframework.scheduling.annotation.ScheduledAnnotationBeanPostProcessor.processScheduledTask(ScheduledAnnotationBeanPostProcessor.java:523)
	at org.springframework.scheduling.annotation.ScheduledAnnotationBeanPostProcessor.processScheduledSync(ScheduledAnnotationBeanPostProcessor.java:362)
	at org.springframework.scheduling.annotation.ScheduledAnnotationBeanPostProcessor.processScheduled(ScheduledAnnotationBeanPostProcessor.java:341)
	at org.springframework.scheduling.annotation.ScheduledAnnotationBeanPostProcessor.lambda$postProcessAfterInitialization$1(ScheduledAnnotationBeanPostProcessor.java:306)
	at java.base/java.lang.Iterable.forEach(Iterable.java:75)
	at org.springframework.scheduling.annotation.ScheduledAnnotationBeanPostProcessor.lambda$postProcessAfterInitialization$2(ScheduledAnnotationBeanPostProcessor.java:306)
	at java.base/java.util.LinkedHashMap.forEach(LinkedHashMap.java:721)
	at org.springframework.scheduling.annotation.ScheduledAnnotationBeanPostProcessor.postProcessAfterInitialization(ScheduledAnnotationBeanPostProcessor.java:305)
	at org.springframework.beans.factory.support.AbstractAutowireCapableBeanFactory.applyBeanPostProcessorsAfterInitialization(AbstractAutowireCapableBeanFactory.java:438)
	at org.springframework.beans.factory.support.AbstractAutowireCapableBeanFactory.initializeBean(AbstractAutowireCapableBeanFactory.java:1809)
	at org.springframework.beans.factory.support.AbstractAutowireCapableBeanFactory.doCreateBean(AbstractAutowireCapableBeanFactory.java:600)
	... 20 common frames omitted
