24-10-18 03:20:32.074 [File Watcher] INFO  o.s.b.d.a.LocalDevToolsAutoConfiguration$RestartingClassPathChangeChangedEventListener - Restarting due to 1 class path change (0 additions, 0 deletions, 1 modification)
24-10-18 03:20:32.089 [Thread-11] INFO  o.a.coyote.http11.Http11NioProtocol - Stopping ProtocolHandler ["http-nio-8080"]
24-10-18 03:20:32.450 [restartedMain] INFO  c.d.journalApp.JournalApplication - Starting JournalApplication using Java 17.0.2 with PID 25397 (/Users/devsa/Documents/Sprint Boot/Projects/journalApp/target/classes started by devsa in /Users/devsa/Documents/Sprint Boot/Projects/journalApp)
24-10-18 03:20:32.450 [restartedMain] INFO  c.d.journalApp.JournalApplication - The following 1 profile is active: "dev"
24-10-18 03:20:32.515 [restartedMain] INFO  o.s.d.r.c.RepositoryConfigurationDelegate - Bootstrapping Spring Data MongoDB repositories in DEFAULT mode.
24-10-18 03:20:32.519 [restartedMain] INFO  o.s.d.r.c.RepositoryConfigurationDelegate - Finished Spring Data repository scanning in 4 ms. Found 2 MongoDB repository interfaces.
24-10-18 03:20:32.556 [restartedMain] INFO  o.s.b.w.e.tomcat.TomcatWebServer - Tomcat initialized with port 8080 (http)
24-10-18 03:20:32.557 [restartedMain] INFO  o.a.coyote.http11.Http11NioProtocol - Initializing ProtocolHandler ["http-nio-8080"]
24-10-18 03:20:32.557 [restartedMain] INFO  o.a.catalina.core.StandardService - Starting service [Tomcat]
24-10-18 03:20:32.557 [restartedMain] INFO  o.a.catalina.core.StandardEngine - Starting Servlet engine: [Apache Tomcat/10.1.30]
24-10-18 03:20:32.561 [restartedMain] INFO  o.a.c.c.C.[Tomcat].[localhost].[/] - Initializing Spring embedded WebApplicationContext
24-10-18 03:20:32.561 [restartedMain] INFO  o.s.b.w.s.c.ServletWebServerApplicationContext - Root WebApplicationContext: initialization completed in 110 ms
24-10-18 03:20:32.627 [restartedMain] INFO  org.mongodb.driver.client - MongoClient with metadata {"application": {"name": "Cluster0"}, "driver": {"name": "mongo-java-driver|sync|spring-boot", "version": "5.0.1"}, "os": {"type": "Darwin", "name": "Mac OS X", "architecture": "aarch64", "version": "15.0.1"}, "platform": "Java/Oracle Corporation/17.0.2+8-LTS-86"} created with settings MongoClientSettings{readPreference=primary, writeConcern=WriteConcern{w=majority, wTimeout=null ms, journal=null}, retryWrites=true, retryReads=true, readConcern=ReadConcern{level=null}, credential=MongoCredential{mechanism=null, userName='devpanwar', source='admin', password=<hidden>, mechanismProperties=<hidden>}, transportSettings=null, commandListeners=[], codecRegistry=ProvidersCodecRegistry{codecProviders=[ValueCodecProvider{}, BsonValueCodecProvider{}, DBRefCodecProvider{}, DBObjectCodecProvider{}, DocumentCodecProvider{}, CollectionCodecProvider{}, IterableCodecProvider{}, MapCodecProvider{}, GeoJsonCodecProvider{}, GridFSFileCodecProvider{}, Jsr310CodecProvider{}, JsonObjectCodecProvider{}, BsonCodecProvider{}, EnumCodecProvider{}, com.mongodb.client.model.mql.ExpressionCodecProvider@5af101b1, com.mongodb.Jep395RecordCodecProvider@50d8842, com.mongodb.KotlinCodecProvider@1eb29403]}, loggerSettings=LoggerSettings{maxDocumentLength=1000}, clusterSettings={hosts=[127.0.0.1:27017], srvHost=cluster0.re3e6.mongodb.net, srvServiceName=mongodb, mode=MULTIPLE, requiredClusterType=REPLICA_SET, requiredReplicaSetName='atlas-b2d2sm-shard-0', serverSelector='null', clusterListeners='[]', serverSelectionTimeout='30000 ms', localThreshold='15 ms'}, socketSettings=SocketSettings{connectTimeoutMS=10000, readTimeoutMS=0, receiveBufferSize=0, proxySettings=ProxySettings{host=null, port=null, username=null, password=null}}, heartbeatSocketSettings=SocketSettings{connectTimeoutMS=10000, readTimeoutMS=10000, receiveBufferSize=0, proxySettings=ProxySettings{host=null, port=null, username=null, password=null}}, connectionPoolSettings=ConnectionPoolSettings{maxSize=100, minSize=0, maxWaitTimeMS=120000, maxConnectionLifeTimeMS=0, maxConnectionIdleTimeMS=0, maintenanceInitialDelayMS=0, maintenanceFrequencyMS=60000, connectionPoolListeners=[], maxConnecting=2}, serverSettings=ServerSettings{heartbeatFrequencyMS=10000, minHeartbeatFrequencyMS=500, serverListeners='[]', serverMonitorListeners='[]'}, sslSettings=SslSettings{enabled=true, invalidHostNameAllowed=false, context=null}, applicationName='Cluster0', compressorList=[], uuidRepresentation=JAVA_LEGACY, serverApi=null, autoEncryptionSettings=null, dnsClient=null, inetAddressResolver=null, contextProvider=null}
24-10-18 03:20:32.633 [restartedMain] INFO  o.s.b.d.a.OptionalLiveReloadServer - LiveReload server is running on port 35729
24-10-18 03:20:32.643 [restartedMain] INFO  org.mongodb.driver.cluster - Waiting for server to become available for operation with ID 429. Remaining time: 30000 ms. Selector: WritableServerSelector, topology description: {type=UNKNOWN, servers=[].
24-10-18 03:20:32.683 [cluster-ClusterId{value='671186a83bfd48440fc55f9b', description='Cluster0'}-srv-cluster0.re3e6.mongodb.net] INFO  org.mongodb.driver.cluster - Adding discovered server cluster0-shard-00-01.re3e6.mongodb.net:27017 to client view of cluster
24-10-18 03:20:32.684 [cluster-ClusterId{value='671186a83bfd48440fc55f9b', description='Cluster0'}-srv-cluster0.re3e6.mongodb.net] INFO  org.mongodb.driver.cluster - Adding discovered server cluster0-shard-00-00.re3e6.mongodb.net:27017 to client view of cluster
24-10-18 03:20:32.685 [cluster-ClusterId{value='671186a83bfd48440fc55f9b', description='Cluster0'}-srv-cluster0.re3e6.mongodb.net] INFO  org.mongodb.driver.cluster - Adding discovered server cluster0-shard-00-02.re3e6.mongodb.net:27017 to client view of cluster
24-10-18 03:20:32.924 [cluster-ClusterId{value='671186a83bfd48440fc55f9b', description='Cluster0'}-cluster0-shard-00-02.re3e6.mongodb.net:27017] INFO  org.mongodb.driver.cluster - Monitor thread successfully connected to server with description ServerDescription{address=cluster0-shard-00-02.re3e6.mongodb.net:27017, type=REPLICA_SET_PRIMARY, state=CONNECTED, ok=true, minWireVersion=0, maxWireVersion=21, maxDocumentSize=16777216, logicalSessionTimeoutMinutes=30, roundTripTimeNanos=159841291, setName='atlas-b2d2sm-shard-0', canonicalAddress=cluster0-shard-00-02.re3e6.mongodb.net:27017, hosts=[cluster0-shard-00-00.re3e6.mongodb.net:27017, cluster0-shard-00-01.re3e6.mongodb.net:27017, cluster0-shard-00-02.re3e6.mongodb.net:27017], passives=[], arbiters=[], primary='cluster0-shard-00-02.re3e6.mongodb.net:27017', tagSet=TagSet{[Tag{name='availabilityZone', value='aps1-az2'}, Tag{name='diskState', value='READY'}, Tag{name='nodeType', value='ELECTABLE'}, Tag{name='provider', value='AWS'}, Tag{name='region', value='AP_SOUTH_1'}, Tag{name='workloadType', value='OPERATIONAL'}]}, electionId=7fffffff0000000000000256, setVersion=132, topologyVersion=TopologyVersion{processId=670ac33d83b3041ad0544d64, counter=9}, lastWriteDate=Fri Oct 18 03:20:32 IST 2024, lastUpdateTimeNanos=89959574632541}
24-10-18 03:20:32.925 [cluster-ClusterId{value='671186a83bfd48440fc55f9b', description='Cluster0'}-cluster0-shard-00-02.re3e6.mongodb.net:27017] INFO  org.mongodb.driver.cluster - Discovered replica set primary cluster0-shard-00-02.re3e6.mongodb.net:27017 with max election id 7fffffff0000000000000256 and max set version 132
24-10-18 03:20:32.930 [cluster-ClusterId{value='671186a83bfd48440fc55f9b', description='Cluster0'}-cluster0-shard-00-01.re3e6.mongodb.net:27017] INFO  org.mongodb.driver.cluster - Monitor thread successfully connected to server with description ServerDescription{address=cluster0-shard-00-01.re3e6.mongodb.net:27017, type=REPLICA_SET_SECONDARY, state=CONNECTED, ok=true, minWireVersion=0, maxWireVersion=21, maxDocumentSize=16777216, logicalSessionTimeoutMinutes=30, roundTripTimeNanos=155478375, setName='atlas-b2d2sm-shard-0', canonicalAddress=cluster0-shard-00-01.re3e6.mongodb.net:27017, hosts=[cluster0-shard-00-00.re3e6.mongodb.net:27017, cluster0-shard-00-01.re3e6.mongodb.net:27017, cluster0-shard-00-02.re3e6.mongodb.net:27017], passives=[], arbiters=[], primary='cluster0-shard-00-02.re3e6.mongodb.net:27017', tagSet=TagSet{[Tag{name='availabilityZone', value='aps1-az3'}, Tag{name='diskState', value='READY'}, Tag{name='nodeType', value='ELECTABLE'}, Tag{name='provider', value='AWS'}, Tag{name='region', value='AP_SOUTH_1'}, Tag{name='workloadType', value='OPERATIONAL'}]}, electionId=null, setVersion=132, topologyVersion=TopologyVersion{processId=670ac55dbd1e6283da1db650, counter=5}, lastWriteDate=Fri Oct 18 03:20:32 IST 2024, lastUpdateTimeNanos=89959580407125}
24-10-18 03:20:32.983 [cluster-ClusterId{value='671186a83bfd48440fc55f9b', description='Cluster0'}-cluster0-shard-00-00.re3e6.mongodb.net:27017] INFO  org.mongodb.driver.cluster - Monitor thread successfully connected to server with description ServerDescription{address=cluster0-shard-00-00.re3e6.mongodb.net:27017, type=REPLICA_SET_SECONDARY, state=CONNECTED, ok=true, minWireVersion=0, maxWireVersion=21, maxDocumentSize=16777216, logicalSessionTimeoutMinutes=30, roundTripTimeNanos=208589375, setName='atlas-b2d2sm-shard-0', canonicalAddress=cluster0-shard-00-00.re3e6.mongodb.net:27017, hosts=[cluster0-shard-00-00.re3e6.mongodb.net:27017, cluster0-shard-00-01.re3e6.mongodb.net:27017, cluster0-shard-00-02.re3e6.mongodb.net:27017], passives=[], arbiters=[], primary='cluster0-shard-00-02.re3e6.mongodb.net:27017', tagSet=TagSet{[Tag{name='availabilityZone', value='aps1-az1'}, Tag{name='diskState', value='READY'}, Tag{name='nodeType', value='ELECTABLE'}, Tag{name='provider', value='AWS'}, Tag{name='region', value='AP_SOUTH_1'}, Tag{name='workloadType', value='OPERATIONAL'}]}, electionId=null, setVersion=132, topologyVersion=TopologyVersion{processId=670ac41257076316d192d9dc, counter=5}, lastWriteDate=Fri Oct 18 03:20:32 IST 2024, lastUpdateTimeNanos=89959633606541}
24-10-18 03:20:33.415 [restartedMain] WARN  o.s.s.c.a.a.c.InitializeUserDetailsBeanManagerConfigurer$InitializeUserDetailsManagerConfigurer - Global AuthenticationManager configured with an AuthenticationProvider bean. UserDetailsService beans will not be used for username/password login. Consider removing the AuthenticationProvider bean. Alternatively, consider using the UserDetailsService in a manually instantiated DaoAuthenticationProvider.
24-10-18 03:20:33.455 [restartedMain] INFO  o.a.coyote.http11.Http11NioProtocol - Starting ProtocolHandler ["http-nio-8080"]
24-10-18 03:20:33.456 [restartedMain] INFO  o.s.b.w.e.tomcat.TomcatWebServer - Tomcat started on port 8080 (http) with context path '/'
24-10-18 03:20:33.458 [restartedMain] INFO  c.d.journalApp.JournalApplication - Started JournalApplication in 1.022 seconds (process running for 1330.035)
24-10-18 03:20:33.459 [restartedMain] INFO  o.s.b.d.a.ConditionEvaluationDeltaLoggingListener - Condition evaluation unchanged
24-10-18 03:20:53.062 [File Watcher] INFO  o.s.b.d.a.LocalDevToolsAutoConfiguration$RestartingClassPathChangeChangedEventListener - Restarting due to 1 class path change (0 additions, 1 deletion, 0 modifications)
24-10-18 03:20:53.078 [Thread-15] INFO  o.a.coyote.http11.Http11NioProtocol - Stopping ProtocolHandler ["http-nio-8080"]
24-10-18 03:20:53.468 [restartedMain] INFO  c.d.journalApp.JournalApplication - Starting JournalApplication using Java 17.0.2 with PID 25397 (/Users/devsa/Documents/Sprint Boot/Projects/journalApp/target/classes started by devsa in /Users/devsa/Documents/Sprint Boot/Projects/journalApp)
24-10-18 03:20:53.468 [restartedMain] INFO  c.d.journalApp.JournalApplication - The following 1 profile is active: "dev"
24-10-18 03:20:53.532 [restartedMain] INFO  o.s.d.r.c.RepositoryConfigurationDelegate - Bootstrapping Spring Data MongoDB repositories in DEFAULT mode.
24-10-18 03:20:53.535 [restartedMain] INFO  o.s.d.r.c.RepositoryConfigurationDelegate - Finished Spring Data repository scanning in 3 ms. Found 2 MongoDB repository interfaces.
24-10-18 03:20:53.562 [restartedMain] INFO  o.s.b.w.e.tomcat.TomcatWebServer - Tomcat initialized with port 8080 (http)
24-10-18 03:20:53.563 [restartedMain] INFO  o.a.coyote.http11.Http11NioProtocol - Initializing ProtocolHandler ["http-nio-8080"]
24-10-18 03:20:53.563 [restartedMain] INFO  o.a.catalina.core.StandardService - Starting service [Tomcat]
24-10-18 03:20:53.563 [restartedMain] INFO  o.a.catalina.core.StandardEngine - Starting Servlet engine: [Apache Tomcat/10.1.30]
24-10-18 03:20:53.567 [restartedMain] INFO  o.a.c.c.C.[Tomcat].[localhost].[/] - Initializing Spring embedded WebApplicationContext
24-10-18 03:20:53.567 [restartedMain] INFO  o.s.b.w.s.c.ServletWebServerApplicationContext - Root WebApplicationContext: initialization completed in 98 ms
24-10-18 03:20:53.639 [restartedMain] INFO  org.mongodb.driver.client - MongoClient with metadata {"application": {"name": "Cluster0"}, "driver": {"name": "mongo-java-driver|sync|spring-boot", "version": "5.0.1"}, "os": {"type": "Darwin", "name": "Mac OS X", "architecture": "aarch64", "version": "15.0.1"}, "platform": "Java/Oracle Corporation/17.0.2+8-LTS-86"} created with settings MongoClientSettings{readPreference=primary, writeConcern=WriteConcern{w=majority, wTimeout=null ms, journal=null}, retryWrites=true, retryReads=true, readConcern=ReadConcern{level=null}, credential=MongoCredential{mechanism=null, userName='devpanwar', source='admin', password=<hidden>, mechanismProperties=<hidden>}, transportSettings=null, commandListeners=[], codecRegistry=ProvidersCodecRegistry{codecProviders=[ValueCodecProvider{}, BsonValueCodecProvider{}, DBRefCodecProvider{}, DBObjectCodecProvider{}, DocumentCodecProvider{}, CollectionCodecProvider{}, IterableCodecProvider{}, MapCodecProvider{}, GeoJsonCodecProvider{}, GridFSFileCodecProvider{}, Jsr310CodecProvider{}, JsonObjectCodecProvider{}, BsonCodecProvider{}, EnumCodecProvider{}, com.mongodb.client.model.mql.ExpressionCodecProvider@5af101b1, com.mongodb.Jep395RecordCodecProvider@50d8842, com.mongodb.KotlinCodecProvider@1eb29403]}, loggerSettings=LoggerSettings{maxDocumentLength=1000}, clusterSettings={hosts=[127.0.0.1:27017], srvHost=cluster0.re3e6.mongodb.net, srvServiceName=mongodb, mode=MULTIPLE, requiredClusterType=REPLICA_SET, requiredReplicaSetName='atlas-b2d2sm-shard-0', serverSelector='null', clusterListeners='[]', serverSelectionTimeout='30000 ms', localThreshold='15 ms'}, socketSettings=SocketSettings{connectTimeoutMS=10000, readTimeoutMS=0, receiveBufferSize=0, proxySettings=ProxySettings{host=null, port=null, username=null, password=null}}, heartbeatSocketSettings=SocketSettings{connectTimeoutMS=10000, readTimeoutMS=10000, receiveBufferSize=0, proxySettings=ProxySettings{host=null, port=null, username=null, password=null}}, connectionPoolSettings=ConnectionPoolSettings{maxSize=100, minSize=0, maxWaitTimeMS=120000, maxConnectionLifeTimeMS=0, maxConnectionIdleTimeMS=0, maintenanceInitialDelayMS=0, maintenanceFrequencyMS=60000, connectionPoolListeners=[], maxConnecting=2}, serverSettings=ServerSettings{heartbeatFrequencyMS=10000, minHeartbeatFrequencyMS=500, serverListeners='[]', serverMonitorListeners='[]'}, sslSettings=SslSettings{enabled=true, invalidHostNameAllowed=false, context=null}, applicationName='Cluster0', compressorList=[], uuidRepresentation=JAVA_LEGACY, serverApi=null, autoEncryptionSettings=null, dnsClient=null, inetAddressResolver=null, contextProvider=null}
24-10-18 03:20:53.643 [restartedMain] INFO  o.s.b.d.a.OptionalLiveReloadServer - LiveReload server is running on port 35729
24-10-18 03:20:53.646 [restartedMain] INFO  org.mongodb.driver.cluster - Waiting for server to become available for operation with ID 446. Remaining time: 30000 ms. Selector: WritableServerSelector, topology description: {type=UNKNOWN, servers=[].
24-10-18 03:20:53.698 [cluster-ClusterId{value='671186bd3bfd48440fc55f9c', description='Cluster0'}-srv-cluster0.re3e6.mongodb.net] INFO  org.mongodb.driver.cluster - Adding discovered server cluster0-shard-00-01.re3e6.mongodb.net:27017 to client view of cluster
24-10-18 03:20:53.698 [cluster-ClusterId{value='671186bd3bfd48440fc55f9c', description='Cluster0'}-srv-cluster0.re3e6.mongodb.net] INFO  org.mongodb.driver.cluster - Adding discovered server cluster0-shard-00-00.re3e6.mongodb.net:27017 to client view of cluster
24-10-18 03:20:53.699 [cluster-ClusterId{value='671186bd3bfd48440fc55f9c', description='Cluster0'}-srv-cluster0.re3e6.mongodb.net] INFO  org.mongodb.driver.cluster - Adding discovered server cluster0-shard-00-02.re3e6.mongodb.net:27017 to client view of cluster
24-10-18 03:20:53.904 [cluster-ClusterId{value='671186bd3bfd48440fc55f9c', description='Cluster0'}-cluster0-shard-00-00.re3e6.mongodb.net:27017] INFO  org.mongodb.driver.cluster - Monitor thread successfully connected to server with description ServerDescription{address=cluster0-shard-00-00.re3e6.mongodb.net:27017, type=REPLICA_SET_SECONDARY, state=CONNECTED, ok=true, minWireVersion=0, maxWireVersion=21, maxDocumentSize=16777216, logicalSessionTimeoutMinutes=30, roundTripTimeNanos=139338750, setName='atlas-b2d2sm-shard-0', canonicalAddress=cluster0-shard-00-00.re3e6.mongodb.net:27017, hosts=[cluster0-shard-00-00.re3e6.mongodb.net:27017, cluster0-shard-00-01.re3e6.mongodb.net:27017, cluster0-shard-00-02.re3e6.mongodb.net:27017], passives=[], arbiters=[], primary='cluster0-shard-00-02.re3e6.mongodb.net:27017', tagSet=TagSet{[Tag{name='availabilityZone', value='aps1-az1'}, Tag{name='diskState', value='READY'}, Tag{name='nodeType', value='ELECTABLE'}, Tag{name='provider', value='AWS'}, Tag{name='region', value='AP_SOUTH_1'}, Tag{name='workloadType', value='OPERATIONAL'}]}, electionId=null, setVersion=132, topologyVersion=TopologyVersion{processId=670ac41257076316d192d9dc, counter=5}, lastWriteDate=Fri Oct 18 03:20:53 IST 2024, lastUpdateTimeNanos=89980554874583}
24-10-18 03:20:53.948 [cluster-ClusterId{value='671186bd3bfd48440fc55f9c', description='Cluster0'}-cluster0-shard-00-01.re3e6.mongodb.net:27017] INFO  org.mongodb.driver.cluster - Monitor thread successfully connected to server with description ServerDescription{address=cluster0-shard-00-01.re3e6.mongodb.net:27017, type=REPLICA_SET_SECONDARY, state=CONNECTED, ok=true, minWireVersion=0, maxWireVersion=21, maxDocumentSize=16777216, logicalSessionTimeoutMinutes=30, roundTripTimeNanos=174152792, setName='atlas-b2d2sm-shard-0', canonicalAddress=cluster0-shard-00-01.re3e6.mongodb.net:27017, hosts=[cluster0-shard-00-00.re3e6.mongodb.net:27017, cluster0-shard-00-01.re3e6.mongodb.net:27017, cluster0-shard-00-02.re3e6.mongodb.net:27017], passives=[], arbiters=[], primary='cluster0-shard-00-02.re3e6.mongodb.net:27017', tagSet=TagSet{[Tag{name='availabilityZone', value='aps1-az3'}, Tag{name='diskState', value='READY'}, Tag{name='nodeType', value='ELECTABLE'}, Tag{name='provider', value='AWS'}, Tag{name='region', value='AP_SOUTH_1'}, Tag{name='workloadType', value='OPERATIONAL'}]}, electionId=null, setVersion=132, topologyVersion=TopologyVersion{processId=670ac55dbd1e6283da1db650, counter=5}, lastWriteDate=Fri Oct 18 03:20:53 IST 2024, lastUpdateTimeNanos=89980599705125}
24-10-18 03:20:53.963 [cluster-ClusterId{value='671186bd3bfd48440fc55f9c', description='Cluster0'}-cluster0-shard-00-02.re3e6.mongodb.net:27017] INFO  org.mongodb.driver.cluster - Monitor thread successfully connected to server with description ServerDescription{address=cluster0-shard-00-02.re3e6.mongodb.net:27017, type=REPLICA_SET_PRIMARY, state=CONNECTED, ok=true, minWireVersion=0, maxWireVersion=21, maxDocumentSize=16777216, logicalSessionTimeoutMinutes=30, roundTripTimeNanos=188875208, setName='atlas-b2d2sm-shard-0', canonicalAddress=cluster0-shard-00-02.re3e6.mongodb.net:27017, hosts=[cluster0-shard-00-00.re3e6.mongodb.net:27017, cluster0-shard-00-01.re3e6.mongodb.net:27017, cluster0-shard-00-02.re3e6.mongodb.net:27017], passives=[], arbiters=[], primary='cluster0-shard-00-02.re3e6.mongodb.net:27017', tagSet=TagSet{[Tag{name='availabilityZone', value='aps1-az2'}, Tag{name='diskState', value='READY'}, Tag{name='nodeType', value='ELECTABLE'}, Tag{name='provider', value='AWS'}, Tag{name='region', value='AP_SOUTH_1'}, Tag{name='workloadType', value='OPERATIONAL'}]}, electionId=7fffffff0000000000000256, setVersion=132, topologyVersion=TopologyVersion{processId=670ac33d83b3041ad0544d64, counter=9}, lastWriteDate=Fri Oct 18 03:20:53 IST 2024, lastUpdateTimeNanos=89980614497791}
24-10-18 03:20:53.966 [cluster-ClusterId{value='671186bd3bfd48440fc55f9c', description='Cluster0'}-cluster0-shard-00-02.re3e6.mongodb.net:27017] INFO  org.mongodb.driver.cluster - Discovered replica set primary cluster0-shard-00-02.re3e6.mongodb.net:27017 with max election id 7fffffff0000000000000256 and max set version 132
24-10-18 03:20:54.466 [restartedMain] WARN  o.s.b.w.s.c.AnnotationConfigServletWebServerApplicationContext - Exception encountered during context initialization - cancelling refresh attempt: org.springframework.beans.factory.BeanCreationException: Error creating bean with name 'userController' defined in file [/Users/devsa/Documents/Sprint Boot/Projects/journalApp/target/classes/com/devpanwar/journalApp/controller/UserController.class]: Post-processing of merged bean definition failed
24-10-18 03:20:54.763 [restartedMain] INFO  o.a.catalina.core.StandardService - Stopping service [Tomcat]
24-10-18 03:20:54.775 [restartedMain] INFO  o.s.b.a.l.ConditionEvaluationReportLogger - 

Error starting ApplicationContext. To display the condition evaluation report re-run your application with 'debug' enabled.
24-10-18 03:20:54.797 [restartedMain] ERROR o.s.boot.SpringApplication - Application run failed
org.springframework.beans.factory.BeanCreationException: Error creating bean with name 'userController' defined in file [/Users/devsa/Documents/Sprint Boot/Projects/journalApp/target/classes/com/devpanwar/journalApp/controller/UserController.class]: Post-processing of merged bean definition failed
	at org.springframework.beans.factory.support.AbstractAutowireCapableBeanFactory.doCreateBean(AbstractAutowireCapableBeanFactory.java:577)
	at org.springframework.beans.factory.support.AbstractAutowireCapableBeanFactory.createBean(AbstractAutowireCapableBeanFactory.java:522)
	at org.springframework.beans.factory.support.AbstractBeanFactory.lambda$doGetBean$0(AbstractBeanFactory.java:337)
	at org.springframework.beans.factory.support.DefaultSingletonBeanRegistry.getSingleton(DefaultSingletonBeanRegistry.java:234)
	at org.springframework.beans.factory.support.AbstractBeanFactory.doGetBean(AbstractBeanFactory.java:335)
	at org.springframework.beans.factory.support.AbstractBeanFactory.getBean(AbstractBeanFactory.java:200)
	at org.springframework.beans.factory.support.DefaultListableBeanFactory.preInstantiateSingletons(DefaultListableBeanFactory.java:975)
	at org.springframework.context.support.AbstractApplicationContext.finishBeanFactoryInitialization(AbstractApplicationContext.java:971)
	at org.springframework.context.support.AbstractApplicationContext.refresh(AbstractApplicationContext.java:625)
	at org.springframework.boot.web.servlet.context.ServletWebServerApplicationContext.refresh(ServletWebServerApplicationContext.java:146)
	at org.springframework.boot.SpringApplication.refresh(SpringApplication.java:754)
	at org.springframework.boot.SpringApplication.refreshContext(SpringApplication.java:456)
	at org.springframework.boot.SpringApplication.run(SpringApplication.java:335)
	at org.springframework.boot.SpringApplication.run(SpringApplication.java:1363)
	at org.springframework.boot.SpringApplication.run(SpringApplication.java:1352)
	at com.devpanwar.journalApp.JournalApplication.main(JournalApplication.java:17)
	at java.base/jdk.internal.reflect.NativeMethodAccessorImpl.invoke0(Native Method)
	at java.base/jdk.internal.reflect.NativeMethodAccessorImpl.invoke(NativeMethodAccessorImpl.java:77)
	at java.base/jdk.internal.reflect.DelegatingMethodAccessorImpl.invoke(DelegatingMethodAccessorImpl.java:43)
	at java.base/java.lang.reflect.Method.invoke(Method.java:568)
	at org.springframework.boot.devtools.restart.RestartLauncher.run(RestartLauncher.java:50)
Caused by: java.lang.IllegalStateException: Failed to introspect Class [com.devpanwar.journalApp.controller.UserController] from ClassLoader [org.springframework.boot.devtools.restart.classloader.RestartClassLoader@25f5b03d]
	at org.springframework.util.ReflectionUtils.getDeclaredFields(ReflectionUtils.java:757)
	at org.springframework.util.ReflectionUtils.doWithLocalFields(ReflectionUtils.java:689)
	at org.springframework.context.annotation.CommonAnnotationBeanPostProcessor.buildResourceMetadata(CommonAnnotationBeanPostProcessor.java:431)
	at org.springframework.context.annotation.CommonAnnotationBeanPostProcessor.findResourceMetadata(CommonAnnotationBeanPostProcessor.java:412)
	at org.springframework.context.annotation.CommonAnnotationBeanPostProcessor.postProcessMergedBeanDefinition(CommonAnnotationBeanPostProcessor.java:312)
	at org.springframework.beans.factory.support.AbstractAutowireCapableBeanFactory.applyMergedBeanDefinitionPostProcessors(AbstractAutowireCapableBeanFactory.java:1103)
	at org.springframework.beans.factory.support.AbstractAutowireCapableBeanFactory.doCreateBean(AbstractAutowireCapableBeanFactory.java:574)
	... 20 common frames omitted
Caused by: java.lang.NoClassDefFoundError: com/devpanwar/journalApp/service/WeatherService
	at java.base/java.lang.Class.getDeclaredFields0(Native Method)
	at java.base/java.lang.Class.privateGetDeclaredFields(Class.java:3297)
	at java.base/java.lang.Class.getDeclaredFields(Class.java:2371)
	at org.springframework.util.ReflectionUtils.getDeclaredFields(ReflectionUtils.java:752)
	... 26 common frames omitted
Caused by: java.lang.ClassNotFoundException: com.devpanwar.journalApp.service.WeatherService
	at java.base/jdk.internal.loader.BuiltinClassLoader.loadClass(BuiltinClassLoader.java:641)
	at java.base/jdk.internal.loader.ClassLoaders$AppClassLoader.loadClass(ClassLoaders.java:188)
	at java.base/java.lang.ClassLoader.loadClass(ClassLoader.java:520)
	at java.base/java.lang.Class.forName0(Native Method)
	at java.base/java.lang.Class.forName(Class.java:467)
	at org.springframework.boot.devtools.restart.classloader.RestartClassLoader.loadClass(RestartClassLoader.java:121)
	at java.base/java.lang.ClassLoader.loadClass(ClassLoader.java:520)
	... 30 common frames omitted
