24-10-16 02:23:59.196 [cluster-ClusterId{value='670ec3e781e191622bf771e6', description='Cluster0'}-cluster0-shard-00-02.re3e6.mongodb.net:27017] INFO  org.mongodb.driver.cluster - Exception in monitor thread while connecting to server cluster0-shard-00-02.re3e6.mongodb.net:27017
com.mongodb.MongoSocketException: cluster0-shard-00-02.re3e6.mongodb.net: nodename nor servname provided, or not known
	at com.mongodb.internal.connection.ServerAddressHelper.getSocketAddresses(ServerAddressHelper.java:75)
	at com.mongodb.internal.connection.SocketStream.initializeSocket(SocketStream.java:101)
	at com.mongodb.internal.connection.SocketStream.open(SocketStream.java:80)
	at com.mongodb.internal.connection.InternalStreamConnection.open(InternalStreamConnection.java:201)
	at com.mongodb.internal.connection.DefaultServerMonitor$ServerMonitorRunnable.lookupServerDescription(DefaultServerMonitor.java:193)
	at com.mongodb.internal.connection.DefaultServerMonitor$ServerMonitorRunnable.run(DefaultServerMonitor.java:153)
	at java.base/java.lang.Thread.run(Thread.java:833)
Caused by: java.net.UnknownHostException: cluster0-shard-00-02.re3e6.mongodb.net: nodename nor servname provided, or not known
	at java.base/java.net.Inet6AddressImpl.lookupAllHostAddr(Native Method)
	at java.base/java.net.InetAddress$PlatformNameService.lookupAllHostAddr(InetAddress.java:933)
	at java.base/java.net.InetAddress.getAddressesFromNameService(InetAddress.java:1519)
	at java.base/java.net.InetAddress$NameServiceAddresses.get(InetAddress.java:852)
	at java.base/java.net.InetAddress.getAllByName0(InetAddress.java:1509)
	at java.base/java.net.InetAddress.getAllByName(InetAddress.java:1367)
	at java.base/java.net.InetAddress.getAllByName(InetAddress.java:1301)
	at com.mongodb.internal.connection.DefaultInetAddressResolver.lookupByName(DefaultInetAddressResolver.java:34)
	at com.mongodb.internal.connection.ServerAddressHelper.getSocketAddresses(ServerAddressHelper.java:71)
	... 6 common frames omitted
