25-01-17 02:59:00.449 [kafka-producer-network-thread | Journal App-producer-1] WARN  o.apache.kafka.clients.NetworkClient - [Producer clientId=Journal App-producer-1] Error while fetching metadata with correlation id 59 : {weekly-sentiments=UNKNOWN_TOPIC_OR_PARTITION}
25-01-17 02:59:00.737 [org.springframework.kafka.KafkaListenerEndpointContainer#0-0-C-1] WARN  o.apache.kafka.clients.NetworkClient - [Consumer clientId=consumer-weekly-sentiment-group-1, groupId=weekly-sentiment-group] Error while fetching metadata with correlation id 83 : {weekly-sentiments=UNKNOWN_TOPIC_OR_PARTITION}
25-01-17 02:59:01.508 [kafka-producer-network-thread | Journal App-producer-1] WARN  o.apache.kafka.clients.NetworkClient - [Producer clientId=Journal App-producer-1] Error while fetching metadata with correlation id 60 : {weekly-sentiments=UNKNOWN_TOPIC_OR_PARTITION}
25-01-17 02:59:01.722 [org.springframework.kafka.KafkaListenerEndpointContainer#0-0-C-1] WARN  o.apache.kafka.clients.NetworkClient - [Consumer clientId=consumer-weekly-sentiment-group-1, groupId=weekly-sentiment-group] Error while fetching metadata with correlation id 84 : {weekly-sentiments=UNKNOWN_TOPIC_OR_PARTITION}
25-01-17 02:59:02.574 [kafka-producer-network-thread | Journal App-producer-1] WARN  o.apache.kafka.clients.NetworkClient - [Producer clientId=Journal App-producer-1] Error while fetching metadata with correlation id 61 : {weekly-sentiments=UNKNOWN_TOPIC_OR_PARTITION}
25-01-17 02:59:02.699 [org.springframework.kafka.KafkaListenerEndpointContainer#0-0-C-1] WARN  o.apache.kafka.clients.NetworkClient - [Consumer clientId=consumer-weekly-sentiment-group-1, groupId=weekly-sentiment-group] Error while fetching metadata with correlation id 86 : {weekly-sentiments=UNKNOWN_TOPIC_OR_PARTITION}
25-01-17 02:59:03.626 [main] ERROR o.s.k.s.LoggingProducerListener - Exception thrown when sending a message with key='devpanwar9784@gmail.com' and payload='SentimentData(email=devpanwar9784@gmail.com, sentiment=Sentiment for last 7 days SAD)' to topic weekly-sentiments:
org.apache.kafka.common.errors.TimeoutException: Topic weekly-sentiments not present in metadata after 60000 ms.
25-01-17 02:59:03.773 [org.springframework.kafka.KafkaListenerEndpointContainer#0-0-C-1] WARN  o.apache.kafka.clients.NetworkClient - [Consumer clientId=consumer-weekly-sentiment-group-1, groupId=weekly-sentiment-group] Error while fetching metadata with correlation id 87 : {weekly-sentiments=UNKNOWN_TOPIC_OR_PARTITION}
25-01-17 02:59:03.776 [kafka-producer-network-thread | Journal App-producer-1] WARN  o.apache.kafka.clients.NetworkClient - [Producer clientId=Journal App-producer-1] Error while fetching metadata with correlation id 62 : {weekly-sentiments=UNKNOWN_TOPIC_OR_PARTITION}
25-01-17 02:59:04.785 [org.springframework.kafka.KafkaListenerEndpointContainer#0-0-C-1] WARN  o.apache.kafka.clients.NetworkClient - [Consumer clientId=consumer-weekly-sentiment-group-1, groupId=weekly-sentiment-group] Error while fetching metadata with correlation id 89 : {weekly-sentiments=UNKNOWN_TOPIC_OR_PARTITION}
25-01-17 02:59:04.851 [kafka-producer-network-thread | Journal App-producer-1] WARN  o.apache.kafka.clients.NetworkClient - [Producer clientId=Journal App-producer-1] Error while fetching metadata with correlation id 63 : {weekly-sentiments=UNKNOWN_TOPIC_OR_PARTITION}
25-01-17 02:59:05.848 [org.springframework.kafka.KafkaListenerEndpointContainer#0-0-C-1] WARN  o.apache.kafka.clients.NetworkClient - [Consumer clientId=consumer-weekly-sentiment-group-1, groupId=weekly-sentiment-group] Error while fetching metadata with correlation id 90 : {weekly-sentiments=UNKNOWN_TOPIC_OR_PARTITION}
25-01-17 02:59:05.910 [kafka-producer-network-thread | Journal App-producer-1] WARN  o.apache.kafka.clients.NetworkClient - [Producer clientId=Journal App-producer-1] Error while fetching metadata with correlation id 64 : {weekly-sentiments=UNKNOWN_TOPIC_OR_PARTITION}
25-01-17 02:59:06.954 [org.springframework.kafka.KafkaListenerEndpointContainer#0-0-C-1] WARN  o.apache.kafka.clients.NetworkClient - [Consumer clientId=consumer-weekly-sentiment-group-1, groupId=weekly-sentiment-group] Error while fetching metadata with correlation id 91 : {weekly-sentiments=UNKNOWN_TOPIC_OR_PARTITION}
25-01-17 02:59:06.969 [kafka-producer-network-thread | Journal App-producer-1] WARN  o.apache.kafka.clients.NetworkClient - [Producer clientId=Journal App-producer-1] Error while fetching metadata with correlation id 65 : {weekly-sentiments=UNKNOWN_TOPIC_OR_PARTITION}
25-01-17 02:59:08.012 [org.springframework.kafka.KafkaListenerEndpointContainer#0-0-C-1] WARN  o.apache.kafka.clients.NetworkClient - [Consumer clientId=consumer-weekly-sentiment-group-1, groupId=weekly-sentiment-group] Error while fetching metadata with correlation id 93 : {weekly-sentiments=UNKNOWN_TOPIC_OR_PARTITION}
25-01-17 02:59:08.030 [kafka-producer-network-thread | Journal App-producer-1] WARN  o.apache.kafka.clients.NetworkClient - [Producer clientId=Journal App-producer-1] Error while fetching metadata with correlation id 66 : {weekly-sentiments=UNKNOWN_TOPIC_OR_PARTITION}
25-01-17 02:59:09.031 [org.springframework.kafka.KafkaListenerEndpointContainer#0-0-C-1] WARN  o.apache.kafka.clients.NetworkClient - [Consumer clientId=consumer-weekly-sentiment-group-1, groupId=weekly-sentiment-group] Error while fetching metadata with correlation id 94 : {weekly-sentiments=UNKNOWN_TOPIC_OR_PARTITION}
25-01-17 02:59:09.086 [kafka-producer-network-thread | Journal App-producer-1] WARN  o.apache.kafka.clients.NetworkClient - [Producer clientId=Journal App-producer-1] Error while fetching metadata with correlation id 67 : {weekly-sentiments=UNKNOWN_TOPIC_OR_PARTITION}
25-01-17 02:59:09.496 [org.springframework.kafka.KafkaListenerEndpointContainer#0-0-C-1] INFO  o.a.k.c.c.i.ConsumerCoordinator - [Consumer clientId=consumer-weekly-sentiment-group-1, groupId=weekly-sentiment-group] Member consumer-weekly-sentiment-group-1-d6e05c9f-0b77-4fdb-a763-af82830cc359 sending LeaveGroup request to coordinator b0-pkc-l7pr2.ap-south-1.aws.confluent.cloud:9092 (id: 2147483647 rack: null) due to the consumer unsubscribed from all topics
25-01-17 02:59:09.497 [org.springframework.kafka.KafkaListenerEndpointContainer#0-0-C-1] INFO  o.a.k.c.c.i.ConsumerCoordinator - [Consumer clientId=consumer-weekly-sentiment-group-1, groupId=weekly-sentiment-group] Resetting generation and member id due to: consumer pro-actively leaving the group
25-01-17 02:59:09.497 [org.springframework.kafka.KafkaListenerEndpointContainer#0-0-C-1] INFO  o.a.k.c.c.i.ConsumerCoordinator - [Consumer clientId=consumer-weekly-sentiment-group-1, groupId=weekly-sentiment-group] Request joining group due to: consumer pro-actively leaving the group
25-01-17 02:59:09.497 [org.springframework.kafka.KafkaListenerEndpointContainer#0-0-C-1] INFO  o.a.k.c.c.i.LegacyKafkaConsumer - [Consumer clientId=consumer-weekly-sentiment-group-1, groupId=weekly-sentiment-group] Unsubscribed all topics or patterns and assigned partitions
25-01-17 02:59:09.499 [org.springframework.kafka.KafkaListenerEndpointContainer#0-0-C-1] INFO  o.a.k.c.c.i.ConsumerCoordinator - [Consumer clientId=consumer-weekly-sentiment-group-1, groupId=weekly-sentiment-group] Resetting generation and member id due to: consumer pro-actively leaving the group
25-01-17 02:59:09.499 [org.springframework.kafka.KafkaListenerEndpointContainer#0-0-C-1] INFO  o.a.k.c.c.i.ConsumerCoordinator - [Consumer clientId=consumer-weekly-sentiment-group-1, groupId=weekly-sentiment-group] Request joining group due to: consumer pro-actively leaving the group
25-01-17 02:59:09.560 [org.springframework.kafka.KafkaListenerEndpointContainer#0-0-C-1] INFO  o.a.kafka.common.metrics.Metrics - Metrics scheduler closed
25-01-17 02:59:09.560 [org.springframework.kafka.KafkaListenerEndpointContainer#0-0-C-1] INFO  o.a.kafka.common.metrics.Metrics - Closing reporter org.apache.kafka.common.metrics.JmxReporter
25-01-17 02:59:09.560 [org.springframework.kafka.KafkaListenerEndpointContainer#0-0-C-1] INFO  o.a.kafka.common.metrics.Metrics - Closing reporter org.apache.kafka.common.telemetry.internals.ClientTelemetryReporter
25-01-17 02:59:09.560 [org.springframework.kafka.KafkaListenerEndpointContainer#0-0-C-1] INFO  o.a.kafka.common.metrics.Metrics - Metrics reporters closed
25-01-17 02:59:09.564 [org.springframework.kafka.KafkaListenerEndpointContainer#0-0-C-1] INFO  o.a.kafka.common.utils.AppInfoParser - App info kafka.consumer for consumer-weekly-sentiment-group-1 unregistered
25-01-17 02:59:09.565 [org.springframework.kafka.KafkaListenerEndpointContainer#0-0-C-1] INFO  o.s.k.l.KafkaMessageListenerContainer - weekly-sentiment-group: Consumer stopped
25-01-17 02:59:09.570 [SpringApplicationShutdownHook] INFO  o.a.k.clients.producer.KafkaProducer - [Producer clientId=Journal App-producer-1] Closing the Kafka producer with timeoutMillis = 30000 ms.
25-01-17 02:59:09.572 [SpringApplicationShutdownHook] INFO  o.a.kafka.common.metrics.Metrics - Metrics scheduler closed
25-01-17 02:59:09.573 [SpringApplicationShutdownHook] INFO  o.a.kafka.common.metrics.Metrics - Closing reporter org.apache.kafka.common.metrics.JmxReporter
25-01-17 02:59:09.573 [SpringApplicationShutdownHook] INFO  o.a.kafka.common.metrics.Metrics - Closing reporter org.apache.kafka.common.telemetry.internals.ClientTelemetryReporter
25-01-17 02:59:09.573 [SpringApplicationShutdownHook] INFO  o.a.kafka.common.metrics.Metrics - Metrics reporters closed
25-01-17 02:59:09.573 [SpringApplicationShutdownHook] INFO  o.a.kafka.common.utils.AppInfoParser - App info kafka.producer for Journal App-producer-1 unregistered
