24-10-18 03:21:34.645 [restartedMain] INFO  c.d.journalApp.JournalApplication - Starting JournalApplication using Java 17.0.2 with PID 25397 (/Users/devsa/Documents/Sprint Boot/Projects/journalApp/target/classes started by devsa in /Users/devsa/Documents/Sprint Boot/Projects/journalApp)
24-10-18 03:21:34.648 [restartedMain] INFO  c.d.journalApp.JournalApplication - The following 1 profile is active: "dev"
24-10-18 03:21:34.721 [restartedMain] INFO  o.s.d.r.c.RepositoryConfigurationDelegate - Bootstrapping Spring Data MongoDB repositories in DEFAULT mode.
24-10-18 03:21:34.726 [restartedMain] INFO  o.s.d.r.c.RepositoryConfigurationDelegate - Finished Spring Data repository scanning in 4 ms. Found 2 MongoDB repository interfaces.
24-10-18 03:21:34.756 [restartedMain] INFO  o.s.b.w.e.tomcat.TomcatWebServer - Tomcat initialized with port 8080 (http)
24-10-18 03:21:34.757 [restartedMain] INFO  o.a.coyote.http11.Http11NioProtocol - Initializing ProtocolHandler ["http-nio-8080"]
24-10-18 03:21:34.757 [restartedMain] INFO  o.a.catalina.core.StandardService - Starting service [Tomcat]
24-10-18 03:21:34.757 [restartedMain] INFO  o.a.catalina.core.StandardEngine - Starting Servlet engine: [Apache Tomcat/10.1.30]
24-10-18 03:21:34.761 [restartedMain] INFO  o.a.c.c.C.[Tomcat-1].[localhost].[/] - Initializing Spring embedded WebApplicationContext
24-10-18 03:21:34.761 [restartedMain] INFO  o.s.b.w.s.c.ServletWebServerApplicationContext - Root WebApplicationContext: initialization completed in 108 ms
24-10-18 03:21:34.861 [restartedMain] INFO  org.mongodb.driver.client - MongoClient with metadata {"application": {"name": "Cluster0"}, "driver": {"name": "mongo-java-driver|sync|spring-boot", "version": "5.0.1"}, "os": {"type": "Darwin", "name": "Mac OS X", "architecture": "aarch64", "version": "15.0.1"}, "platform": "Java/Oracle Corporation/17.0.2+8-LTS-86"} created with settings MongoClientSettings{readPreference=primary, writeConcern=WriteConcern{w=majority, wTimeout=null ms, journal=null}, retryWrites=true, retryReads=true, readConcern=ReadConcern{level=null}, credential=MongoCredential{mechanism=null, userName='devpanwar', source='admin', password=<hidden>, mechanismProperties=<hidden>}, transportSettings=null, commandListeners=[], codecRegistry=ProvidersCodecRegistry{codecProviders=[ValueCodecProvider{}, BsonValueCodecProvider{}, DBRefCodecProvider{}, DBObjectCodecProvider{}, DocumentCodecProvider{}, CollectionCodecProvider{}, IterableCodecProvider{}, MapCodecProvider{}, GeoJsonCodecProvider{}, GridFSFileCodecProvider{}, Jsr310CodecProvider{}, JsonObjectCodecProvider{}, BsonCodecProvider{}, EnumCodecProvider{}, com.mongodb.client.model.mql.ExpressionCodecProvider@5af101b1, com.mongodb.Jep395RecordCodecProvider@50d8842, com.mongodb.KotlinCodecProvider@1eb29403]}, loggerSettings=LoggerSettings{maxDocumentLength=1000}, clusterSettings={hosts=[127.0.0.1:27017], srvHost=cluster0.re3e6.mongodb.net, srvServiceName=mongodb, mode=MULTIPLE, requiredClusterType=REPLICA_SET, requiredReplicaSetName='atlas-b2d2sm-shard-0', serverSelector='null', clusterListeners='[]', serverSelectionTimeout='30000 ms', localThreshold='15 ms'}, socketSettings=SocketSettings{connectTimeoutMS=10000, readTimeoutMS=0, receiveBufferSize=0, proxySettings=ProxySettings{host=null, port=null, username=null, password=null}}, heartbeatSocketSettings=SocketSettings{connectTimeoutMS=10000, readTimeoutMS=10000, receiveBufferSize=0, proxySettings=ProxySettings{host=null, port=null, username=null, password=null}}, connectionPoolSettings=ConnectionPoolSettings{maxSize=100, minSize=0, maxWaitTimeMS=120000, maxConnectionLifeTimeMS=0, maxConnectionIdleTimeMS=0, maintenanceInitialDelayMS=0, maintenanceFrequencyMS=60000, connectionPoolListeners=[], maxConnecting=2}, serverSettings=ServerSettings{heartbeatFrequencyMS=10000, minHeartbeatFrequencyMS=500, serverListeners='[]', serverMonitorListeners='[]'}, sslSettings=SslSettings{enabled=true, invalidHostNameAllowed=false, context=null}, applicationName='Cluster0', compressorList=[], uuidRepresentation=JAVA_LEGACY, serverApi=null, autoEncryptionSettings=null, dnsClient=null, inetAddressResolver=null, contextProvider=null}
24-10-18 03:21:34.866 [restartedMain] INFO  o.s.b.d.a.OptionalLiveReloadServer - LiveReload server is running on port 35729
24-10-18 03:21:34.871 [restartedMain] INFO  org.mongodb.driver.cluster - Waiting for server to become available for operation with ID 457. Remaining time: 30000 ms. Selector: WritableServerSelector, topology description: {type=UNKNOWN, servers=[].
24-10-18 03:21:34.919 [cluster-ClusterId{value='671186e63bfd48440fc55f9d', description='Cluster0'}-srv-cluster0.re3e6.mongodb.net] INFO  org.mongodb.driver.cluster - Adding discovered server cluster0-shard-00-01.re3e6.mongodb.net:27017 to client view of cluster
24-10-18 03:21:34.920 [cluster-ClusterId{value='671186e63bfd48440fc55f9d', description='Cluster0'}-srv-cluster0.re3e6.mongodb.net] INFO  org.mongodb.driver.cluster - Adding discovered server cluster0-shard-00-00.re3e6.mongodb.net:27017 to client view of cluster
24-10-18 03:21:34.920 [cluster-ClusterId{value='671186e63bfd48440fc55f9d', description='Cluster0'}-srv-cluster0.re3e6.mongodb.net] INFO  org.mongodb.driver.cluster - Adding discovered server cluster0-shard-00-02.re3e6.mongodb.net:27017 to client view of cluster
24-10-18 03:21:35.234 [cluster-ClusterId{value='671186e63bfd48440fc55f9d', description='Cluster0'}-cluster0-shard-00-01.re3e6.mongodb.net:27017] INFO  org.mongodb.driver.cluster - Monitor thread successfully connected to server with description ServerDescription{address=cluster0-shard-00-01.re3e6.mongodb.net:27017, type=REPLICA_SET_SECONDARY, state=CONNECTED, ok=true, minWireVersion=0, maxWireVersion=21, maxDocumentSize=16777216, logicalSessionTimeoutMinutes=30, roundTripTimeNanos=159288125, setName='atlas-b2d2sm-shard-0', canonicalAddress=cluster0-shard-00-01.re3e6.mongodb.net:27017, hosts=[cluster0-shard-00-00.re3e6.mongodb.net:27017, cluster0-shard-00-01.re3e6.mongodb.net:27017, cluster0-shard-00-02.re3e6.mongodb.net:27017], passives=[], arbiters=[], primary='cluster0-shard-00-02.re3e6.mongodb.net:27017', tagSet=TagSet{[Tag{name='availabilityZone', value='aps1-az3'}, Tag{name='diskState', value='READY'}, Tag{name='nodeType', value='ELECTABLE'}, Tag{name='provider', value='AWS'}, Tag{name='region', value='AP_SOUTH_1'}, Tag{name='workloadType', value='OPERATIONAL'}]}, electionId=null, setVersion=132, topologyVersion=TopologyVersion{processId=670ac55dbd1e6283da1db650, counter=5}, lastWriteDate=Fri Oct 18 03:21:35 IST 2024, lastUpdateTimeNanos=90021887190083}
24-10-18 03:21:35.245 [cluster-ClusterId{value='671186e63bfd48440fc55f9d', description='Cluster0'}-cluster0-shard-00-00.re3e6.mongodb.net:27017] INFO  org.mongodb.driver.cluster - Monitor thread successfully connected to server with description ServerDescription{address=cluster0-shard-00-00.re3e6.mongodb.net:27017, type=REPLICA_SET_SECONDARY, state=CONNECTED, ok=true, minWireVersion=0, maxWireVersion=21, maxDocumentSize=16777216, logicalSessionTimeoutMinutes=30, roundTripTimeNanos=153031625, setName='atlas-b2d2sm-shard-0', canonicalAddress=cluster0-shard-00-00.re3e6.mongodb.net:27017, hosts=[cluster0-shard-00-00.re3e6.mongodb.net:27017, cluster0-shard-00-01.re3e6.mongodb.net:27017, cluster0-shard-00-02.re3e6.mongodb.net:27017], passives=[], arbiters=[], primary='cluster0-shard-00-02.re3e6.mongodb.net:27017', tagSet=TagSet{[Tag{name='availabilityZone', value='aps1-az1'}, Tag{name='diskState', value='READY'}, Tag{name='nodeType', value='ELECTABLE'}, Tag{name='provider', value='AWS'}, Tag{name='region', value='AP_SOUTH_1'}, Tag{name='workloadType', value='OPERATIONAL'}]}, electionId=null, setVersion=132, topologyVersion=TopologyVersion{processId=670ac41257076316d192d9dc, counter=5}, lastWriteDate=Fri Oct 18 03:21:35 IST 2024, lastUpdateTimeNanos=90021898215250}
24-10-18 03:21:35.245 [cluster-ClusterId{value='671186e63bfd48440fc55f9d', description='Cluster0'}-cluster0-shard-00-02.re3e6.mongodb.net:27017] INFO  org.mongodb.driver.cluster - Monitor thread successfully connected to server with description ServerDescription{address=cluster0-shard-00-02.re3e6.mongodb.net:27017, type=REPLICA_SET_PRIMARY, state=CONNECTED, ok=true, minWireVersion=0, maxWireVersion=21, maxDocumentSize=16777216, logicalSessionTimeoutMinutes=30, roundTripTimeNanos=158374458, setName='atlas-b2d2sm-shard-0', canonicalAddress=cluster0-shard-00-02.re3e6.mongodb.net:27017, hosts=[cluster0-shard-00-00.re3e6.mongodb.net:27017, cluster0-shard-00-01.re3e6.mongodb.net:27017, cluster0-shard-00-02.re3e6.mongodb.net:27017], passives=[], arbiters=[], primary='cluster0-shard-00-02.re3e6.mongodb.net:27017', tagSet=TagSet{[Tag{name='availabilityZone', value='aps1-az2'}, Tag{name='diskState', value='READY'}, Tag{name='nodeType', value='ELECTABLE'}, Tag{name='provider', value='AWS'}, Tag{name='region', value='AP_SOUTH_1'}, Tag{name='workloadType', value='OPERATIONAL'}]}, electionId=7fffffff0000000000000256, setVersion=132, topologyVersion=TopologyVersion{processId=670ac33d83b3041ad0544d64, counter=9}, lastWriteDate=Fri Oct 18 03:21:35 IST 2024, lastUpdateTimeNanos=90021898215250}
24-10-18 03:21:35.246 [cluster-ClusterId{value='671186e63bfd48440fc55f9d', description='Cluster0'}-cluster0-shard-00-02.re3e6.mongodb.net:27017] INFO  org.mongodb.driver.cluster - Discovered replica set primary cluster0-shard-00-02.re3e6.mongodb.net:27017 with max election id 7fffffff0000000000000256 and max set version 132
24-10-18 03:21:35.770 [restartedMain] WARN  o.s.b.w.s.c.AnnotationConfigServletWebServerApplicationContext - Exception encountered during context initialization - cancelling refresh attempt: org.springframework.beans.factory.BeanCreationException: Error creating bean with name 'userController' defined in file [/Users/devsa/Documents/Sprint Boot/Projects/journalApp/target/classes/com/devpanwar/journalApp/controller/UserController.class]: Post-processing of merged bean definition failed
24-10-18 03:21:36.063 [restartedMain] INFO  o.a.catalina.core.StandardService - Stopping service [Tomcat]
24-10-18 03:21:36.072 [restartedMain] INFO  o.s.b.a.l.ConditionEvaluationReportLogger - 

Error starting ApplicationContext. To display the condition evaluation report re-run your application with 'debug' enabled.
24-10-18 03:21:36.075 [restartedMain] ERROR o.s.boot.SpringApplication - Application run failed
org.springframework.beans.factory.BeanCreationException: Error creating bean with name 'userController' defined in file [/Users/devsa/Documents/Sprint Boot/Projects/journalApp/target/classes/com/devpanwar/journalApp/controller/UserController.class]: Post-processing of merged bean definition failed
	at org.springframework.beans.factory.support.AbstractAutowireCapableBeanFactory.doCreateBean(AbstractAutowireCapableBeanFactory.java:577)
	at org.springframework.beans.factory.support.AbstractAutowireCapableBeanFactory.createBean(AbstractAutowireCapableBeanFactory.java:522)
	at org.springframework.beans.factory.support.AbstractBeanFactory.lambda$doGetBean$0(AbstractBeanFactory.java:337)
	at org.springframework.beans.factory.support.DefaultSingletonBeanRegistry.getSingleton(DefaultSingletonBeanRegistry.java:234)
	at org.springframework.beans.factory.support.AbstractBeanFactory.doGetBean(AbstractBeanFactory.java:335)
	at org.springframework.beans.factory.support.AbstractBeanFactory.getBean(AbstractBeanFactory.java:200)
	at org.springframework.beans.factory.support.DefaultListableBeanFactory.preInstantiateSingletons(DefaultListableBeanFactory.java:975)
	at org.springframework.context.support.AbstractApplicationContext.finishBeanFactoryInitialization(AbstractApplicationContext.java:971)
	at org.springframework.context.support.AbstractApplicationContext.refresh(AbstractApplicationContext.java:625)
	at org.springframework.boot.web.servlet.context.ServletWebServerApplicationContext.refresh(ServletWebServerApplicationContext.java:146)
	at org.springframework.boot.SpringApplication.refresh(SpringApplication.java:754)
	at org.springframework.boot.SpringApplication.refreshContext(SpringApplication.java:456)
	at org.springframework.boot.SpringApplication.run(SpringApplication.java:335)
	at org.springframework.boot.SpringApplication.run(SpringApplication.java:1363)
	at org.springframework.boot.SpringApplication.run(SpringApplication.java:1352)
	at com.devpanwar.journalApp.JournalApplication.main(JournalApplication.java:17)
	at java.base/jdk.internal.reflect.NativeMethodAccessorImpl.invoke0(Native Method)
	at java.base/jdk.internal.reflect.NativeMethodAccessorImpl.invoke(NativeMethodAccessorImpl.java:77)
	at java.base/jdk.internal.reflect.DelegatingMethodAccessorImpl.invoke(DelegatingMethodAccessorImpl.java:43)
	at java.base/java.lang.reflect.Method.invoke(Method.java:568)
	at org.springframework.boot.devtools.restart.RestartLauncher.run(RestartLauncher.java:50)
Caused by: java.lang.IllegalStateException: Failed to introspect Class [com.devpanwar.journalApp.controller.UserController] from ClassLoader [org.springframework.boot.devtools.restart.classloader.RestartClassLoader@45da4f72]
	at org.springframework.util.ReflectionUtils.getDeclaredFields(ReflectionUtils.java:757)
	at org.springframework.util.ReflectionUtils.doWithLocalFields(ReflectionUtils.java:689)
	at org.springframework.context.annotation.CommonAnnotationBeanPostProcessor.buildResourceMetadata(CommonAnnotationBeanPostProcessor.java:431)
	at org.springframework.context.annotation.CommonAnnotationBeanPostProcessor.findResourceMetadata(CommonAnnotationBeanPostProcessor.java:412)
	at org.springframework.context.annotation.CommonAnnotationBeanPostProcessor.postProcessMergedBeanDefinition(CommonAnnotationBeanPostProcessor.java:312)
	at org.springframework.beans.factory.support.AbstractAutowireCapableBeanFactory.applyMergedBeanDefinitionPostProcessors(AbstractAutowireCapableBeanFactory.java:1103)
	at org.springframework.beans.factory.support.AbstractAutowireCapableBeanFactory.doCreateBean(AbstractAutowireCapableBeanFactory.java:574)
	... 20 common frames omitted
Caused by: java.lang.NoClassDefFoundError: com/devpanwar/journalApp/service/WeatherService
	at java.base/java.lang.Class.getDeclaredFields0(Native Method)
	at java.base/java.lang.Class.privateGetDeclaredFields(Class.java:3297)
	at java.base/java.lang.Class.getDeclaredFields(Class.java:2371)
	at org.springframework.util.ReflectionUtils.getDeclaredFields(ReflectionUtils.java:752)
	... 26 common frames omitted
Caused by: java.lang.ClassNotFoundException: com.devpanwar.journalApp.service.WeatherService
	at java.base/jdk.internal.loader.BuiltinClassLoader.loadClass(BuiltinClassLoader.java:641)
	at java.base/jdk.internal.loader.ClassLoaders$AppClassLoader.loadClass(ClassLoaders.java:188)
	at java.base/java.lang.ClassLoader.loadClass(ClassLoader.java:520)
	at java.base/java.lang.Class.forName0(Native Method)
	at java.base/java.lang.Class.forName(Class.java:467)
	at org.springframework.boot.devtools.restart.classloader.RestartClassLoader.loadClass(RestartClassLoader.java:121)
	at java.base/java.lang.ClassLoader.loadClass(ClassLoader.java:520)
	... 30 common frames omitted
24-10-18 03:21:46.643 [restartedMain] INFO  c.d.journalApp.JournalApplication - Starting JournalApplication using Java 17.0.2 with PID 25397 (/Users/devsa/Documents/Sprint Boot/Projects/journalApp/target/classes started by devsa in /Users/devsa/Documents/Sprint Boot/Projects/journalApp)
24-10-18 03:21:46.643 [restartedMain] INFO  c.d.journalApp.JournalApplication - The following 1 profile is active: "dev"
24-10-18 03:21:46.716 [restartedMain] INFO  o.s.d.r.c.RepositoryConfigurationDelegate - Bootstrapping Spring Data MongoDB repositories in DEFAULT mode.
24-10-18 03:21:46.720 [restartedMain] INFO  o.s.d.r.c.RepositoryConfigurationDelegate - Finished Spring Data repository scanning in 3 ms. Found 2 MongoDB repository interfaces.
24-10-18 03:21:46.747 [restartedMain] INFO  o.s.b.w.e.tomcat.TomcatWebServer - Tomcat initialized with port 8080 (http)
24-10-18 03:21:46.748 [restartedMain] INFO  o.a.coyote.http11.Http11NioProtocol - Initializing ProtocolHandler ["http-nio-8080"]
24-10-18 03:21:46.748 [restartedMain] INFO  o.a.catalina.core.StandardService - Starting service [Tomcat]
24-10-18 03:21:46.748 [restartedMain] INFO  o.a.catalina.core.StandardEngine - Starting Servlet engine: [Apache Tomcat/10.1.30]
24-10-18 03:21:46.754 [restartedMain] INFO  o.a.c.c.C.[Tomcat-2].[localhost].[/] - Initializing Spring embedded WebApplicationContext
24-10-18 03:21:46.754 [restartedMain] INFO  o.s.b.w.s.c.ServletWebServerApplicationContext - Root WebApplicationContext: initialization completed in 109 ms
24-10-18 03:21:46.834 [restartedMain] INFO  org.mongodb.driver.client - MongoClient with metadata {"application": {"name": "Cluster0"}, "driver": {"name": "mongo-java-driver|sync|spring-boot", "version": "5.0.1"}, "os": {"type": "Darwin", "name": "Mac OS X", "architecture": "aarch64", "version": "15.0.1"}, "platform": "Java/Oracle Corporation/17.0.2+8-LTS-86"} created with settings MongoClientSettings{readPreference=primary, writeConcern=WriteConcern{w=majority, wTimeout=null ms, journal=null}, retryWrites=true, retryReads=true, readConcern=ReadConcern{level=null}, credential=MongoCredential{mechanism=null, userName='devpanwar', source='admin', password=<hidden>, mechanismProperties=<hidden>}, transportSettings=null, commandListeners=[], codecRegistry=ProvidersCodecRegistry{codecProviders=[ValueCodecProvider{}, BsonValueCodecProvider{}, DBRefCodecProvider{}, DBObjectCodecProvider{}, DocumentCodecProvider{}, CollectionCodecProvider{}, IterableCodecProvider{}, MapCodecProvider{}, GeoJsonCodecProvider{}, GridFSFileCodecProvider{}, Jsr310CodecProvider{}, JsonObjectCodecProvider{}, BsonCodecProvider{}, EnumCodecProvider{}, com.mongodb.client.model.mql.ExpressionCodecProvider@5af101b1, com.mongodb.Jep395RecordCodecProvider@50d8842, com.mongodb.KotlinCodecProvider@1eb29403]}, loggerSettings=LoggerSettings{maxDocumentLength=1000}, clusterSettings={hosts=[127.0.0.1:27017], srvHost=cluster0.re3e6.mongodb.net, srvServiceName=mongodb, mode=MULTIPLE, requiredClusterType=REPLICA_SET, requiredReplicaSetName='atlas-b2d2sm-shard-0', serverSelector='null', clusterListeners='[]', serverSelectionTimeout='30000 ms', localThreshold='15 ms'}, socketSettings=SocketSettings{connectTimeoutMS=10000, readTimeoutMS=0, receiveBufferSize=0, proxySettings=ProxySettings{host=null, port=null, username=null, password=null}}, heartbeatSocketSettings=SocketSettings{connectTimeoutMS=10000, readTimeoutMS=10000, receiveBufferSize=0, proxySettings=ProxySettings{host=null, port=null, username=null, password=null}}, connectionPoolSettings=ConnectionPoolSettings{maxSize=100, minSize=0, maxWaitTimeMS=120000, maxConnectionLifeTimeMS=0, maxConnectionIdleTimeMS=0, maintenanceInitialDelayMS=0, maintenanceFrequencyMS=60000, connectionPoolListeners=[], maxConnecting=2}, serverSettings=ServerSettings{heartbeatFrequencyMS=10000, minHeartbeatFrequencyMS=500, serverListeners='[]', serverMonitorListeners='[]'}, sslSettings=SslSettings{enabled=true, invalidHostNameAllowed=false, context=null}, applicationName='Cluster0', compressorList=[], uuidRepresentation=JAVA_LEGACY, serverApi=null, autoEncryptionSettings=null, dnsClient=null, inetAddressResolver=null, contextProvider=null}
24-10-18 03:21:46.846 [restartedMain] INFO  o.s.b.d.a.OptionalLiveReloadServer - LiveReload server is running on port 35729
24-10-18 03:21:46.849 [restartedMain] INFO  org.mongodb.driver.cluster - Waiting for server to become available for operation with ID 468. Remaining time: 30000 ms. Selector: WritableServerSelector, topology description: {type=UNKNOWN, servers=[].
24-10-18 03:21:46.902 [cluster-ClusterId{value='671186f23bfd48440fc55f9e', description='Cluster0'}-srv-cluster0.re3e6.mongodb.net] INFO  org.mongodb.driver.cluster - Adding discovered server cluster0-shard-00-01.re3e6.mongodb.net:27017 to client view of cluster
24-10-18 03:21:46.902 [cluster-ClusterId{value='671186f23bfd48440fc55f9e', description='Cluster0'}-srv-cluster0.re3e6.mongodb.net] INFO  org.mongodb.driver.cluster - Adding discovered server cluster0-shard-00-00.re3e6.mongodb.net:27017 to client view of cluster
24-10-18 03:21:46.903 [cluster-ClusterId{value='671186f23bfd48440fc55f9e', description='Cluster0'}-srv-cluster0.re3e6.mongodb.net] INFO  org.mongodb.driver.cluster - Adding discovered server cluster0-shard-00-02.re3e6.mongodb.net:27017 to client view of cluster
24-10-18 03:21:47.114 [cluster-ClusterId{value='671186f23bfd48440fc55f9e', description='Cluster0'}-cluster0-shard-00-01.re3e6.mongodb.net:27017] INFO  org.mongodb.driver.cluster - Monitor thread successfully connected to server with description ServerDescription{address=cluster0-shard-00-01.re3e6.mongodb.net:27017, type=REPLICA_SET_SECONDARY, state=CONNECTED, ok=true, minWireVersion=0, maxWireVersion=21, maxDocumentSize=16777216, logicalSessionTimeoutMinutes=30, roundTripTimeNanos=144356541, setName='atlas-b2d2sm-shard-0', canonicalAddress=cluster0-shard-00-01.re3e6.mongodb.net:27017, hosts=[cluster0-shard-00-00.re3e6.mongodb.net:27017, cluster0-shard-00-01.re3e6.mongodb.net:27017, cluster0-shard-00-02.re3e6.mongodb.net:27017], passives=[], arbiters=[], primary='cluster0-shard-00-02.re3e6.mongodb.net:27017', tagSet=TagSet{[Tag{name='availabilityZone', value='aps1-az3'}, Tag{name='diskState', value='READY'}, Tag{name='nodeType', value='ELECTABLE'}, Tag{name='provider', value='AWS'}, Tag{name='region', value='AP_SOUTH_1'}, Tag{name='workloadType', value='OPERATIONAL'}]}, electionId=null, setVersion=132, topologyVersion=TopologyVersion{processId=670ac55dbd1e6283da1db650, counter=5}, lastWriteDate=Fri Oct 18 03:21:47 IST 2024, lastUpdateTimeNanos=90033767000541}
24-10-18 03:21:47.133 [cluster-ClusterId{value='671186f23bfd48440fc55f9e', description='Cluster0'}-cluster0-shard-00-02.re3e6.mongodb.net:27017] INFO  org.mongodb.driver.cluster - Monitor thread successfully connected to server with description ServerDescription{address=cluster0-shard-00-02.re3e6.mongodb.net:27017, type=REPLICA_SET_PRIMARY, state=CONNECTED, ok=true, minWireVersion=0, maxWireVersion=21, maxDocumentSize=16777216, logicalSessionTimeoutMinutes=30, roundTripTimeNanos=145032041, setName='atlas-b2d2sm-shard-0', canonicalAddress=cluster0-shard-00-02.re3e6.mongodb.net:27017, hosts=[cluster0-shard-00-00.re3e6.mongodb.net:27017, cluster0-shard-00-01.re3e6.mongodb.net:27017, cluster0-shard-00-02.re3e6.mongodb.net:27017], passives=[], arbiters=[], primary='cluster0-shard-00-02.re3e6.mongodb.net:27017', tagSet=TagSet{[Tag{name='availabilityZone', value='aps1-az2'}, Tag{name='diskState', value='READY'}, Tag{name='nodeType', value='ELECTABLE'}, Tag{name='provider', value='AWS'}, Tag{name='region', value='AP_SOUTH_1'}, Tag{name='workloadType', value='OPERATIONAL'}]}, electionId=7fffffff0000000000000256, setVersion=132, topologyVersion=TopologyVersion{processId=670ac33d83b3041ad0544d64, counter=9}, lastWriteDate=Fri Oct 18 03:21:47 IST 2024, lastUpdateTimeNanos=90033786216041}
24-10-18 03:21:47.133 [cluster-ClusterId{value='671186f23bfd48440fc55f9e', description='Cluster0'}-cluster0-shard-00-00.re3e6.mongodb.net:27017] INFO  org.mongodb.driver.cluster - Monitor thread successfully connected to server with description ServerDescription{address=cluster0-shard-00-00.re3e6.mongodb.net:27017, type=REPLICA_SET_SECONDARY, state=CONNECTED, ok=true, minWireVersion=0, maxWireVersion=21, maxDocumentSize=16777216, logicalSessionTimeoutMinutes=30, roundTripTimeNanos=145101000, setName='atlas-b2d2sm-shard-0', canonicalAddress=cluster0-shard-00-00.re3e6.mongodb.net:27017, hosts=[cluster0-shard-00-00.re3e6.mongodb.net:27017, cluster0-shard-00-01.re3e6.mongodb.net:27017, cluster0-shard-00-02.re3e6.mongodb.net:27017], passives=[], arbiters=[], primary='cluster0-shard-00-02.re3e6.mongodb.net:27017', tagSet=TagSet{[Tag{name='availabilityZone', value='aps1-az1'}, Tag{name='diskState', value='READY'}, Tag{name='nodeType', value='ELECTABLE'}, Tag{name='provider', value='AWS'}, Tag{name='region', value='AP_SOUTH_1'}, Tag{name='workloadType', value='OPERATIONAL'}]}, electionId=null, setVersion=132, topologyVersion=TopologyVersion{processId=670ac41257076316d192d9dc, counter=5}, lastWriteDate=Fri Oct 18 03:21:47 IST 2024, lastUpdateTimeNanos=90033786216041}
24-10-18 03:21:47.133 [cluster-ClusterId{value='671186f23bfd48440fc55f9e', description='Cluster0'}-cluster0-shard-00-02.re3e6.mongodb.net:27017] INFO  org.mongodb.driver.cluster - Discovered replica set primary cluster0-shard-00-02.re3e6.mongodb.net:27017 with max election id 7fffffff0000000000000256 and max set version 132
24-10-18 03:21:47.647 [restartedMain] INFO  o.s.b.f.a.AutowiredAnnotationBeanPostProcessor - Autowired annotation is not supported on static fields: private static java.lang.String com.devpanwar.journalApp.service.WeatherService.apiKey
24-10-18 03:21:47.653 [restartedMain] WARN  o.s.s.c.a.a.c.InitializeUserDetailsBeanManagerConfigurer$InitializeUserDetailsManagerConfigurer - Global AuthenticationManager configured with an AuthenticationProvider bean. UserDetailsService beans will not be used for username/password login. Consider removing the AuthenticationProvider bean. Alternatively, consider using the UserDetailsService in a manually instantiated DaoAuthenticationProvider.
24-10-18 03:21:47.688 [restartedMain] INFO  o.a.coyote.http11.Http11NioProtocol - Starting ProtocolHandler ["http-nio-8080"]
24-10-18 03:21:47.688 [restartedMain] INFO  o.s.b.w.e.tomcat.TomcatWebServer - Tomcat started on port 8080 (http) with context path '/'
24-10-18 03:21:47.690 [restartedMain] INFO  c.d.journalApp.JournalApplication - Started JournalApplication in 1.089 seconds (process running for 1404.269)
24-10-18 03:21:47.691 [restartedMain] INFO  o.s.b.d.a.ConditionEvaluationDeltaLoggingListener - Condition evaluation unchanged
